[0.012s] Invoking command in '/home/ubuntu/æ¡Œé¢/RM26_ROS2PKG/build/detection': /usr/bin/cmake --build /home/ubuntu/æ¡Œé¢/RM26_ROS2PKG/build/detection -- -j14 -l14
[0.060s] [ 10%] [32mBuilding CXX object CMakeFiles/detection.dir/src/yolo_detection.cpp.o[0m
[1.357s] [01m[K/home/ubuntu/æ¡Œé¢/RM26_ROS2PKG/src/rm_auto_aim/detection/src/yolo_detection.cpp:[m[K In member function â€˜[01m[Kvoid detection::DetectionArmor::drawObject(cv::Mat&, std::vector<detection::ArmorData>&)[m[Kâ€™:
[1.357s] [01m[K/home/ubuntu/æ¡Œé¢/RM26_ROS2PKG/src/rm_auto_aim/detection/src/yolo_detection.cpp:279:34:[m[K [01;31m[Kerror: [m[Kâ€˜[01m[Kd[m[Kâ€™ was not declared in this scope
[1.357s]   279 |         cv::Point lt = cv::Point([01;31m[Kd[m[K.p1.x-20, d.p1.y-20);  // å·¦ä¸Šè§’
[1.357s]       |                                  [01;31m[K^[m[K
[1.357s] [01m[K/home/ubuntu/æ¡Œé¢/RM26_ROS2PKG/src/rm_auto_aim/detection/src/yolo_detection.cpp:291:13:[m[K [01;31m[Kerror: [m[Kcontinue statement not within a loop
[1.358s]   291 |             [01;31m[Kcontinue[m[K;
[1.358s]       |             [01;31m[K^~~~~~~~[m[K
[1.361s] [01m[K/home/ubuntu/æ¡Œé¢/RM26_ROS2PKG/src/rm_auto_aim/detection/src/yolo_detection.cpp:311:47:[m[K [01;31m[Kerror: [m[Kâ€˜[01m[Kc[m[Kâ€™ was not declared in this scope
[1.361s]   311 |         float inter_area = calculateInterArea([01;31m[Kc[m[K, r);
[1.361s]       |                                               [01;31m[K^[m[K
[1.366s] [01m[K/home/ubuntu/æ¡Œé¢/RM26_ROS2PKG/src/rm_auto_aim/detection/src/yolo_detection.cpp:329:28:[m[K [01;31m[Kerror: [m[Kâ€˜[01m[Koptical_center[m[Kâ€™ was not declared in this scope
[1.366s]   329 |         d.optical_center = [01;31m[Koptical_center[m[K;
[1.366s]       |                            [01;31m[K^~~~~~~~~~~~~~[m[K
[1.367s] [01m[K/home/ubuntu/æ¡Œé¢/RM26_ROS2PKG/src/rm_auto_aim/detection/src/yolo_detection.cpp:[m[K At global scope:
[1.367s] [01m[K/home/ubuntu/æ¡Œé¢/RM26_ROS2PKG/src/rm_auto_aim/detection/src/yolo_detection.cpp:357:15:[m[K [01;31m[Kerror: [m[Kexpected constructor, destructor, or type conversion before â€˜[01m[K([m[Kâ€™ token
[1.367s]   357 |     cv::imshow[01;31m[K([m[K"Detection", image);
[1.367s]       |               [01;31m[K^[m[K
[1.367s] [01m[K/home/ubuntu/æ¡Œé¢/RM26_ROS2PKG/src/rm_auto_aim/detection/src/yolo_detection.cpp:361:1:[m[K [01;31m[Kerror: [m[Kexpected declaration before â€˜[01m[K}[m[Kâ€™ token
[1.367s]   361 | [01;31m[K}[m[K
[1.367s]       | [01;31m[K^[m[K
[1.781s] gmake[2]: *** [CMakeFiles/detection.dir/build.make:188ï¼šCMakeFiles/detection.dir/src/yolo_detection.cpp.o] é”™è¯¯ 1
[1.783s] gmake[1]: *** [CMakeFiles/Makefile2:83ï¼šCMakeFiles/detection.dir/all] é”™è¯¯ 2
[1.783s] gmake: *** [Makefile:91ï¼šall] é”™è¯¯ 2
[1.788s] Invoked command in '/home/ubuntu/æ¡Œé¢/RM26_ROS2PKG/build/detection' returned '2': /usr/bin/cmake --build /home/ubuntu/æ¡Œé¢/RM26_ROS2PKG/build/detection -- -j14 -l14
