[0.016s] Invoking command in '/home/ubuntu/æ¡Œé¢/RM26/build/detection': /usr/bin/cmake --build /home/ubuntu/æ¡Œé¢/RM26/build/detection -- -j14 -l14
[0.050s] [35m[1mConsolidate compiler generated dependencies of target detection[0m
[0.070s] [ 11%] [32mBuilding CXX object CMakeFiles/detection.dir/src/yolo_detection.cpp.o[0m
[1.471s] [01m[K/home/ubuntu/æ¡Œé¢/RM26/src/rm_auto_aim/detection/src/yolo_detection.cpp:[m[K In member function â€˜[01m[Kvoid detection::DetectionArmor::drawObject(cv::Mat&, std::vector<detection::ArmorData>&)[m[Kâ€™:
[1.471s] [01m[K/home/ubuntu/æ¡Œé¢/RM26/src/rm_auto_aim/detection/src/yolo_detection.cpp:136:13:[m[K [01;31m[Kerror: [m[Kâ€˜[01m[Karmor[m[Kâ€™ was not declared in this scope; did you mean â€˜[01m[KArmor[m[Kâ€™?
[1.471s]   136 |             [01;31m[Karmor[m[K.flag = 1;
[1.471s]       |             [01;31m[K^~~~~[m[K
[1.471s]       |             [32m[KArmor[m[K
[1.471s] [01m[K/home/ubuntu/æ¡Œé¢/RM26/src/rm_auto_aim/detection/src/yolo_detection.cpp:140:18:[m[K [01;31m[Kerror: [m[Kexpected unqualified-id before â€˜[01m[K.[m[Kâ€™ token
[1.472s]   140 |             Armor[01;31m[K.[m[Kflag = 0;
[1.472s]       |                  [01;31m[K^[m[K
[1.914s] gmake[2]: *** [CMakeFiles/detection.dir/build.make:174ï¼šCMakeFiles/detection.dir/src/yolo_detection.cpp.o] é”™è¯¯ 1
[1.914s] gmake[1]: *** [CMakeFiles/Makefile2:83ï¼šCMakeFiles/detection.dir/all] é”™è¯¯ 2
[1.914s] gmake: *** [Makefile:91ï¼šall] é”™è¯¯ 2
[1.916s] Invoked command in '/home/ubuntu/æ¡Œé¢/RM26/build/detection' returned '2': /usr/bin/cmake --build /home/ubuntu/æ¡Œé¢/RM26/build/detection -- -j14 -l14
