[0.013s] Invoking command in '/home/ubuntu/Ê°åÈù¢/RM26_ROS2PKG/build/detection': /usr/bin/cmake --build /home/ubuntu/Ê°åÈù¢/RM26_ROS2PKG/build/detection -- -j14 -l14
[0.059s] [35m[1mConsolidate compiler generated dependencies of target detection[0m
[0.095s] [ 10%] [32mBuilding CXX object CMakeFiles/detection.dir/src/yolo_detection.cpp.o[0m
[1.355s] [01m[K/home/ubuntu/Ê°åÈù¢/RM26_ROS2PKG/src/rm_auto_aim/detection/src/yolo_detection.cpp:[m[K In member function ‚Äò[01m[Kvoid detection::DetectionArmor::drawObject(cv::Mat&, std::vector<detection::ArmorData>&)[m[K‚Äô:
[1.355s] [01m[K/home/ubuntu/Ê°åÈù¢/RM26_ROS2PKG/src/rm_auto_aim/detection/src/yolo_detection.cpp:304:13:[m[K [01;31m[Kerror: [m[K‚Äò[01m[Karmor[m[K‚Äô was not declared in this scope; did you mean ‚Äò[01m[KArmor[m[K‚Äô?
[1.355s]   304 |         if ([01;31m[Karmor[m[K.empty()) {
[1.355s]       |             [01;31m[K^~~~~[m[K
[1.355s]       |             [32m[KArmor[m[K
[1.360s] [01m[K/home/ubuntu/Ê°åÈù¢/RM26_ROS2PKG/src/rm_auto_aim/detection/src/yolo_detection.cpp:326:9:[m[K [01;31m[Kerror: [m[K‚Äò[01m[Kleft_top[m[K‚Äô was not declared in this scope
[1.360s]   326 |         [01;31m[Kleft_top[m[K = armor[0].left_light.top;
[1.360s]       |         [01;31m[K^~~~~~~~[m[K
[1.364s] [01m[K/home/ubuntu/Ê°åÈù¢/RM26_ROS2PKG/src/rm_auto_aim/detection/src/yolo_detection.cpp:326:20:[m[K [01;31m[Kerror: [m[K‚Äò[01m[Karmor[m[K‚Äô was not declared in this scope; did you mean ‚Äò[01m[KArmor[m[K‚Äô?
[1.364s]   326 |         left_top = [01;31m[Karmor[m[K[0].left_light.top;
[1.364s]       |                    [01;31m[K^~~~~[m[K
[1.364s]       |                    [32m[KArmor[m[K
[1.368s] [01m[K/home/ubuntu/Ê°åÈù¢/RM26_ROS2PKG/src/rm_auto_aim/detection/src/yolo_detection.cpp:327:9:[m[K [01;31m[Kerror: [m[K‚Äò[01m[Kright_bottom[m[K‚Äô was not declared in this scope
[1.368s]   327 |         [01;31m[Kright_bottom[m[K = armor[0].right_light.bottom;
[1.368s]       |         [01;31m[K^~~~~~~~~~~~[m[K
[1.372s] [01m[K/home/ubuntu/Ê°åÈù¢/RM26_ROS2PKG/src/rm_auto_aim/detection/src/yolo_detection.cpp:328:9:[m[K [01;31m[Kerror: [m[K‚Äò[01m[Kleft_bottom[m[K‚Äô was not declared in this scope
[1.372s]   328 |         [01;31m[Kleft_bottom[m[K = armor[0].left_light.bottom;
[1.372s]       |         [01;31m[K^~~~~~~~~~~[m[K
[1.375s] [01m[K/home/ubuntu/Ê°åÈù¢/RM26_ROS2PKG/src/rm_auto_aim/detection/src/yolo_detection.cpp:329:9:[m[K [01;31m[Kerror: [m[K‚Äò[01m[Kright_top[m[K‚Äô was not declared in this scope
[1.375s]   329 |         [01;31m[Kright_top[m[K = armor[0].right_light.top;
[1.375s]       |         [01;31m[K^~~~~~~~~[m[K
[1.378s] [01m[K/home/ubuntu/Ê°åÈù¢/RM26_ROS2PKG/src/rm_auto_aim/detection/src/yolo_detection.cpp:331:34:[m[K [01;31m[Kerror: [m[K‚Äò[01m[Krev[m[K‚Äô was not declared in this scope
[1.378s]   331 |         solver.solvePnP(armor[0],[01;31m[Krev[m[K,tvc);
[1.378s]       |                                  [01;31m[K^~~[m[K
[1.380s] [01m[K/home/ubuntu/Ê°åÈù¢/RM26_ROS2PKG/src/rm_auto_aim/detection/src/yolo_detection.cpp:331:38:[m[K [01;31m[Kerror: [m[K‚Äò[01m[Ktvc[m[K‚Äô was not declared in this scope
[1.380s]   331 |         solver.solvePnP(armor[0],rev,[01;31m[Ktvc[m[K);
[1.380s]       |                                      [01;31m[K^~~[m[K
[1.382s] [01m[K/home/ubuntu/Ê°åÈù¢/RM26_ROS2PKG/src/rm_auto_aim/detection/src/yolo_detection.cpp:342:53:[m[K [01;31m[Kerror: [m[K‚Äò[01m[Kfx[m[K‚Äô was not declared in this scope
[1.382s]   342 |         calculateGimbalAngles(d.delta_x, d.delta_y, [01;31m[Kfx[m[K, fy, d.target_yaw, d.target_pitch);
[1.383s]       |                                                     [01;31m[K^~[m[K
[1.386s] [01m[K/home/ubuntu/Ê°åÈù¢/RM26_ROS2PKG/src/rm_auto_aim/detection/src/yolo_detection.cpp:342:57:[m[K [01;31m[Kerror: [m[K‚Äò[01m[Kfy[m[K‚Äô was not declared in this scope
[1.386s]   342 |         calculateGimbalAngles(d.delta_x, d.delta_y, fx, [01;31m[Kfy[m[K, d.target_yaw, d.target_pitch);
[1.386s]       |                                                         [01;31m[K^~[m[K
[1.386s] [01m[K/home/ubuntu/Ê°åÈù¢/RM26_ROS2PKG/src/rm_auto_aim/detection/src/yolo_detection.cpp:342:63:[m[K [01;31m[Kerror: [m[K‚Äò[01m[Kdetection::ArmorData[m[K‚Äô {aka ‚Äò[01m[Kstruct detection::ArmorData[m[K‚Äô} has no member named ‚Äò[01m[Ktarget_yaw[m[K‚Äô
[1.386s]   342 |         calculateGimbalAngles(d.delta_x, d.delta_y, fx, fy, d.[01;31m[Ktarget_yaw[m[K, d.target_pitch);
[1.386s]       |                                                               [01;31m[K^~~~~~~~~~[m[K
[1.386s] [01m[K/home/ubuntu/Ê°åÈù¢/RM26_ROS2PKG/src/rm_auto_aim/detection/src/yolo_detection.cpp:342:77:[m[K [01;31m[Kerror: [m[K‚Äò[01m[Kdetection::ArmorData[m[K‚Äô {aka ‚Äò[01m[Kstruct detection::ArmorData[m[K‚Äô} has no member named ‚Äò[01m[Ktarget_pitch[m[K‚Äô
[1.386s]   342 |         calculateGimbalAngles(d.delta_x, d.delta_y, fx, fy, d.target_yaw, d.[01;31m[Ktarget_pitch[m[K);
[1.387s]       |                                                                             [01;31m[K^~~~~~~~~~~~[m[K
[1.387s] [01m[K/home/ubuntu/Ê°åÈù¢/RM26_ROS2PKG/src/rm_auto_aim/detection/src/yolo_detection.cpp:343:37:[m[K [01;31m[Kerror: [m[K‚Äò[01m[Kdetection::ArmorData[m[K‚Äô {aka ‚Äò[01m[Kstruct detection::ArmorData[m[K‚Äô} has no member named ‚Äò[01m[Ktarget_yaw[m[K‚Äô
[1.387s]   343 |         cout << "target_yaw: " << d.[01;31m[Ktarget_yaw[m[K << " target_pitch: " << d.target_pitch << endl;
[1.387s]       |                                     [01;31m[K^~~~~~~~~~[m[K
[1.387s] [01m[K/home/ubuntu/Ê°åÈù¢/RM26_ROS2PKG/src/rm_auto_aim/detection/src/yolo_detection.cpp:343:74:[m[K [01;31m[Kerror: [m[K‚Äò[01m[Kdetection::ArmorData[m[K‚Äô {aka ‚Äò[01m[Kstruct detection::ArmorData[m[K‚Äô} has no member named ‚Äò[01m[Ktarget_pitch[m[K‚Äô
[1.387s]   343 |         cout << "target_yaw: " << d.target_yaw << " target_pitch: " << d.[01;31m[Ktarget_pitch[m[K << endl;
[1.387s]       |                                                                          [01;31m[K^~~~~~~~~~~~[m[K
[1.790s] gmake[2]: *** [CMakeFiles/detection.dir/build.make:188ÔºöCMakeFiles/detection.dir/src/yolo_detection.cpp.o] ÈîôËØØ 1
[1.790s] gmake[1]: *** [CMakeFiles/Makefile2:83ÔºöCMakeFiles/detection.dir/all] ÈîôËØØ 2
[1.792s] gmake: *** [Makefile:91Ôºöall] ÈîôËØØ 2
[1.793s] Invoked command in '/home/ubuntu/Ê°åÈù¢/RM26_ROS2PKG/build/detection' returned '2': /usr/bin/cmake --build /home/ubuntu/Ê°åÈù¢/RM26_ROS2PKG/build/detection -- -j14 -l14
