[0.012s] Invoking command in '/home/ubuntu/æ¡Œé¢/RM26_ROS2PKG/build/detection': /usr/bin/cmake --build /home/ubuntu/æ¡Œé¢/RM26_ROS2PKG/build/detection -- -j14 -l14
[0.060s] [ 10%] [32mBuilding CXX object CMakeFiles/detection.dir/src/yolo_detection.cpp.o[0m
[1.440s] [01m[K/home/ubuntu/æ¡Œé¢/RM26_ROS2PKG/src/rm_auto_aim/detection/src/yolo_detection.cpp:[m[K In member function â€˜[01m[Kvoid detection::DetectionArmor::drawObject(cv::Mat&, std::vector<detection::ArmorData>&)[m[Kâ€™:
[1.440s] [01m[K/home/ubuntu/æ¡Œé¢/RM26_ROS2PKG/src/rm_auto_aim/detection/src/yolo_detection.cpp:299:34:[m[K [01;31m[Kerror: [m[Kâ€˜[01m[Kd[m[Kâ€™ was not declared in this scope
[1.440s]   299 |         cv::Point lt = cv::Point([01;31m[Kd[m[K.p1.x-20, d.p1.y-20);  // å·¦ä¸Šè§’
[1.440s]       |                                  [01;31m[K^[m[K
[1.440s] [01m[K/home/ubuntu/æ¡Œé¢/RM26_ROS2PKG/src/rm_auto_aim/detection/src/yolo_detection.cpp:312:13:[m[K [01;31m[Kerror: [m[Kcontinue statement not within a loop
[1.440s]   312 |             [01;31m[Kcontinue[m[K;
[1.440s]       |             [01;31m[K^~~~~~~~[m[K
[1.881s] gmake[2]: *** [CMakeFiles/detection.dir/build.make:188ï¼šCMakeFiles/detection.dir/src/yolo_detection.cpp.o] é”™è¯¯ 1
[1.881s] gmake[1]: *** [CMakeFiles/Makefile2:83ï¼šCMakeFiles/detection.dir/all] é”™è¯¯ 2
[1.882s] gmake: *** [Makefile:91ï¼šall] é”™è¯¯ 2
[1.887s] Invoked command in '/home/ubuntu/æ¡Œé¢/RM26_ROS2PKG/build/detection' returned '2': /usr/bin/cmake --build /home/ubuntu/æ¡Œé¢/RM26_ROS2PKG/build/detection -- -j14 -l14
