[0.010s] Invoking command in '/home/ubuntu/æ¡Œé¢/RM26/build/detection': /usr/bin/cmake --build /home/ubuntu/æ¡Œé¢/RM26/build/detection -- -j14 -l14
[0.067s] [35m[1mConsolidate compiler generated dependencies of target detection[0m
[0.091s] [ 11%] [32mBuilding CXX object CMakeFiles/detection.dir/src/yolo_detection.cpp.o[0m
[1.478s] [01m[K/home/ubuntu/æ¡Œé¢/RM26/src/rm_auto_aim/detection/src/yolo_detection.cpp:[m[K In member function â€˜[01m[Kvoid detection::DetectionArmor::drawObject(cv::Mat&, std::vector<detection::ArmorData>&)[m[Kâ€™:
[1.478s] [01m[K/home/ubuntu/æ¡Œé¢/RM26/src/rm_auto_aim/detection/src/yolo_detection.cpp:135:13:[m[K [01;31m[Kerror: [m[Kâ€˜[01m[Kd[m[Kâ€™ was not declared in this scope
[1.478s]   135 |             [01;31m[Kd[m[K.flag = 1;
[1.478s]       |             [01;31m[K^[m[K
[1.479s] [01m[K/home/ubuntu/æ¡Œé¢/RM26/src/rm_auto_aim/detection/src/yolo_detection.cpp:139:13:[m[K [01;31m[Kerror: [m[Kâ€˜[01m[Kd[m[Kâ€™ was not declared in this scope
[1.479s]   139 |             [01;31m[Kd[m[K.flag = 0;
[1.479s]       |             [01;31m[K^[m[K
[1.924s] gmake[2]: *** [CMakeFiles/detection.dir/build.make:174ï¼šCMakeFiles/detection.dir/src/yolo_detection.cpp.o] é”™è¯¯ 1
[1.924s] gmake[1]: *** [CMakeFiles/Makefile2:83ï¼šCMakeFiles/detection.dir/all] é”™è¯¯ 2
[1.926s] gmake: *** [Makefile:91ï¼šall] é”™è¯¯ 2
[1.928s] Invoked command in '/home/ubuntu/æ¡Œé¢/RM26/build/detection' returned '2': /usr/bin/cmake --build /home/ubuntu/æ¡Œé¢/RM26/build/detection -- -j14 -l14
