[0.013s] Invoking command in '/home/ubuntu/Ê°åÈù¢/RM26_ROS2PKG/build/recive_pkg': CMAKE_PREFIX_PATH=/opt/ros/humble /usr/bin/cmake --build /home/ubuntu/Ê°åÈù¢/RM26_ROS2PKG/build/recive_pkg -- -j14 -l14
[0.063s] [35m[1mConsolidate compiler generated dependencies of target recive_pkg[0m
[0.097s] [  9%] [32mBuilding CXX object CMakeFiles/recive_pkg.dir/home/ubuntu/Ê°åÈù¢/RM26_ROS2PKG/src/rm_auto_aim/detection/src/yolo_detection.cpp.o[0m
[1.414s] [01m[K/home/ubuntu/Ê°åÈù¢/RM26_ROS2PKG/src/rm_auto_aim/detection/src/yolo_detection.cpp:[m[K In function ‚Äò[01m[Kfloat calculateInterArea(const CircleF&, const RectF&)[m[K‚Äô:
[1.414s] [01m[K/home/ubuntu/Ê°åÈù¢/RM26_ROS2PKG/src/rm_auto_aim/detection/src/yolo_detection.cpp:244:11:[m[K [01;35m[Kwarning: [m[Kunused variable ‚Äò[01m[KrectArea[m[K‚Äô [[01;35m[K]8;;https://gcc.gnu.org/onlinedocs/gcc/Warning-Options.html#index-Wunused-variable-Wunused-variable]8;;[m[K]
[1.414s]   244 |     float [01;35m[KrectArea[m[K = (r.x2 - r.x1) * (r.y2 - r.y1);
[1.414s]       |           [01;35m[K^~~~~~~~[m[K
[1.414s] [01m[K/home/ubuntu/Ê°åÈù¢/RM26_ROS2PKG/src/rm_auto_aim/detection/src/yolo_detection.cpp:247:11:[m[K [01;35m[Kwarning: [m[Kunused variable ‚Äò[01m[KcircleArea[m[K‚Äô [[01;35m[K]8;;https://gcc.gnu.org/onlinedocs/gcc/Warning-Options.html#index-Wunused-variable-Wunused-variable]8;;[m[K]
[1.414s]   247 |     float [01;35m[KcircleArea[m[K = M_PI * c.r * c.r;
[1.414s]       |           [01;35m[K^~~~~~~~~~[m[K
[1.417s] [01m[K/home/ubuntu/Ê°åÈù¢/RM26_ROS2PKG/src/rm_auto_aim/detection/src/yolo_detection.cpp:[m[K In member function ‚Äò[01m[Kvoid detection::DetectionArmor::drawObject(cv::Mat&, std::vector<detection::ArmorData>&)[m[K‚Äô:
[1.417s] [01m[K/home/ubuntu/Ê°åÈù¢/RM26_ROS2PKG/src/rm_auto_aim/detection/src/yolo_detection.cpp:304:13:[m[K [01;31m[Kerror: [m[K‚Äò[01m[Karmor[m[K‚Äô was not declared in this scope; did you mean ‚Äò[01m[KArmor[m[K‚Äô?
[1.418s]   304 |         if ([01;31m[Karmor[m[K.empty()) {
[1.418s]       |             [01;31m[K^~~~~[m[K
[1.418s]       |             [32m[KArmor[m[K
[1.424s] [01m[K/home/ubuntu/Ê°åÈù¢/RM26_ROS2PKG/src/rm_auto_aim/detection/src/yolo_detection.cpp:326:9:[m[K [01;31m[Kerror: [m[K‚Äò[01m[Kleft_top[m[K‚Äô was not declared in this scope
[1.424s]   326 |         [01;31m[Kleft_top[m[K = armor[0].left_light.top;
[1.424s]       |         [01;31m[K^~~~~~~~[m[K
[1.425s] [01m[K/home/ubuntu/Ê°åÈù¢/RM26_ROS2PKG/src/rm_auto_aim/detection/src/yolo_detection.cpp:326:20:[m[K [01;31m[Kerror: [m[K‚Äò[01m[Karmor[m[K‚Äô was not declared in this scope; did you mean ‚Äò[01m[KArmor[m[K‚Äô?
[1.426s]   326 |         left_top = [01;31m[Karmor[m[K[0].left_light.top;
[1.426s]       |                    [01;31m[K^~~~~[m[K
[1.426s]       |                    [32m[KArmor[m[K
[1.429s] [01m[K/home/ubuntu/Ê°åÈù¢/RM26_ROS2PKG/src/rm_auto_aim/detection/src/yolo_detection.cpp:327:9:[m[K [01;31m[Kerror: [m[K‚Äò[01m[Kright_bottom[m[K‚Äô was not declared in this scope
[1.429s]   327 |         [01;31m[Kright_bottom[m[K = armor[0].right_light.bottom;
[1.429s]       |         [01;31m[K^~~~~~~~~~~~[m[K
[1.432s] [01m[K/home/ubuntu/Ê°åÈù¢/RM26_ROS2PKG/src/rm_auto_aim/detection/src/yolo_detection.cpp:328:9:[m[K [01;31m[Kerror: [m[K‚Äò[01m[Kleft_bottom[m[K‚Äô was not declared in this scope
[1.432s]   328 |         [01;31m[Kleft_bottom[m[K = armor[0].left_light.bottom;
[1.433s]       |         [01;31m[K^~~~~~~~~~~[m[K
[1.436s] [01m[K/home/ubuntu/Ê°åÈù¢/RM26_ROS2PKG/src/rm_auto_aim/detection/src/yolo_detection.cpp:329:9:[m[K [01;31m[Kerror: [m[K‚Äò[01m[Kright_top[m[K‚Äô was not declared in this scope
[1.436s]   329 |         [01;31m[Kright_top[m[K = armor[0].right_light.top;
[1.436s]       |         [01;31m[K^~~~~~~~~[m[K
[1.438s] [01m[K/home/ubuntu/Ê°åÈù¢/RM26_ROS2PKG/src/rm_auto_aim/detection/src/yolo_detection.cpp:331:34:[m[K [01;31m[Kerror: [m[K‚Äò[01m[Krev[m[K‚Äô was not declared in this scope
[1.438s]   331 |         solver.solvePnP(armor[0],[01;31m[Krev[m[K,tvc);
[1.438s]       |                                  [01;31m[K^~~[m[K
[1.440s] [01m[K/home/ubuntu/Ê°åÈù¢/RM26_ROS2PKG/src/rm_auto_aim/detection/src/yolo_detection.cpp:331:38:[m[K [01;31m[Kerror: [m[K‚Äò[01m[Ktvc[m[K‚Äô was not declared in this scope
[1.440s]   331 |         solver.solvePnP(armor[0],rev,[01;31m[Ktvc[m[K);
[1.440s]       |                                      [01;31m[K^~~[m[K
[1.443s] [01m[K/home/ubuntu/Ê°åÈù¢/RM26_ROS2PKG/src/rm_auto_aim/detection/src/yolo_detection.cpp:342:53:[m[K [01;31m[Kerror: [m[K‚Äò[01m[Kfx[m[K‚Äô was not declared in this scope
[1.443s]   342 |         calculateGimbalAngles(d.delta_x, d.delta_y, [01;31m[Kfx[m[K, fy, d.target_yaw, d.target_pitch);
[1.443s]       |                                                     [01;31m[K^~[m[K
[1.445s] [01m[K/home/ubuntu/Ê°åÈù¢/RM26_ROS2PKG/src/rm_auto_aim/detection/src/yolo_detection.cpp:342:57:[m[K [01;31m[Kerror: [m[K‚Äò[01m[Kfy[m[K‚Äô was not declared in this scope
[1.445s]   342 |         calculateGimbalAngles(d.delta_x, d.delta_y, fx, [01;31m[Kfy[m[K, d.target_yaw, d.target_pitch);
[1.445s]       |                                                         [01;31m[K^~[m[K
[1.445s] [01m[K/home/ubuntu/Ê°åÈù¢/RM26_ROS2PKG/src/rm_auto_aim/detection/src/yolo_detection.cpp:342:63:[m[K [01;31m[Kerror: [m[K‚Äò[01m[Kdetection::ArmorData[m[K‚Äô {aka ‚Äò[01m[Kstruct detection::ArmorData[m[K‚Äô} has no member named ‚Äò[01m[Ktarget_yaw[m[K‚Äô
[1.445s]   342 |         calculateGimbalAngles(d.delta_x, d.delta_y, fx, fy, d.[01;31m[Ktarget_yaw[m[K, d.target_pitch);
[1.445s]       |                                                               [01;31m[K^~~~~~~~~~[m[K
[1.445s] [01m[K/home/ubuntu/Ê°åÈù¢/RM26_ROS2PKG/src/rm_auto_aim/detection/src/yolo_detection.cpp:342:77:[m[K [01;31m[Kerror: [m[K‚Äò[01m[Kdetection::ArmorData[m[K‚Äô {aka ‚Äò[01m[Kstruct detection::ArmorData[m[K‚Äô} has no member named ‚Äò[01m[Ktarget_pitch[m[K‚Äô
[1.445s]   342 |         calculateGimbalAngles(d.delta_x, d.delta_y, fx, fy, d.target_yaw, d.[01;31m[Ktarget_pitch[m[K);
[1.445s]       |                                                                             [01;31m[K^~~~~~~~~~~~[m[K
[1.445s] [01m[K/home/ubuntu/Ê°åÈù¢/RM26_ROS2PKG/src/rm_auto_aim/detection/src/yolo_detection.cpp:343:37:[m[K [01;31m[Kerror: [m[K‚Äò[01m[Kdetection::ArmorData[m[K‚Äô {aka ‚Äò[01m[Kstruct detection::ArmorData[m[K‚Äô} has no member named ‚Äò[01m[Ktarget_yaw[m[K‚Äô
[1.445s]   343 |         cout << "target_yaw: " << d.[01;31m[Ktarget_yaw[m[K << " target_pitch: " << d.target_pitch << endl;
[1.445s]       |                                     [01;31m[K^~~~~~~~~~[m[K
[1.445s] [01m[K/home/ubuntu/Ê°åÈù¢/RM26_ROS2PKG/src/rm_auto_aim/detection/src/yolo_detection.cpp:343:74:[m[K [01;31m[Kerror: [m[K‚Äò[01m[Kdetection::ArmorData[m[K‚Äô {aka ‚Äò[01m[Kstruct detection::ArmorData[m[K‚Äô} has no member named ‚Äò[01m[Ktarget_pitch[m[K‚Äô
[1.445s]   343 |         cout << "target_yaw: " << d.target_yaw << " target_pitch: " << d.[01;31m[Ktarget_pitch[m[K << endl;
[1.445s]       |                                                                          [01;31m[K^~~~~~~~~~~~[m[K
[1.447s] [01m[K/home/ubuntu/Ê°åÈù¢/RM26_ROS2PKG/src/rm_auto_aim/detection/src/yolo_detection.cpp:[m[K In member function ‚Äò[01m[Kvoid detection::DetectionArmor::run()[m[K‚Äô:
[1.447s] [01m[K/home/ubuntu/Ê°åÈù¢/RM26_ROS2PKG/src/rm_auto_aim/detection/src/yolo_detection.cpp:384:25:[m[K [01;35m[Kwarning: [m[Kcomparison of integer expressions of different signedness: ‚Äò[01m[Ksize_t[m[K‚Äô {aka ‚Äò[01m[Klong unsigned int[m[K‚Äô} and ‚Äò[01m[Kint[m[K‚Äô [[01;35m[K]8;;https://gcc.gnu.org/onlinedocs/gcc/Warning-Options.html#index-Wsign-compare-Wsign-compare]8;;[m[K]
[1.447s]   384 |         if ([01;35m[Kframe_count == int(cap.get(cv::CAP_PROP_FRAME_COUNT))[m[K)
[1.447s]       |             [01;35m[K~~~~~~~~~~~~^~~~~~~~~~~~~~~~~~~~~~~~~~~~~~~~~~~~~~~~~[m[K
[1.860s] gmake[2]: *** [CMakeFiles/recive_pkg.dir/build.make:104ÔºöCMakeFiles/recive_pkg.dir/home/ubuntu/Ê°åÈù¢/RM26_ROS2PKG/src/rm_auto_aim/detection/src/yolo_detection.cpp.o] ÈîôËØØ 1
[1.860s] gmake[1]: *** [CMakeFiles/Makefile2:137ÔºöCMakeFiles/recive_pkg.dir/all] ÈîôËØØ 2
[1.861s] gmake: *** [Makefile:146Ôºöall] ÈîôËØØ 2
