[0.014s] Invoking command in '/home/ubuntu/æ¡Œé¢/RM26_ROS2PKG/build/detection': /usr/bin/cmake --build /home/ubuntu/æ¡Œé¢/RM26_ROS2PKG/build/detection -- -j14 -l14
[0.057s] [35m[1mConsolidate compiler generated dependencies of target detection[0m
[0.091s] [ 10%] [32mBuilding CXX object CMakeFiles/detection.dir/src/yolo_detection.cpp.o[0m
[1.360s] [01m[K/home/ubuntu/æ¡Œé¢/RM26_ROS2PKG/src/rm_auto_aim/detection/src/yolo_detection.cpp:[m[K In member function â€˜[01m[Kvoid detection::DetectionArmor::drawObject(cv::Mat&, std::vector<detection::ArmorData>&)[m[Kâ€™:
[1.360s] [01m[K/home/ubuntu/æ¡Œé¢/RM26_ROS2PKG/src/rm_auto_aim/detection/src/yolo_detection.cpp:307:13:[m[K [01;31m[Kerror: [m[Kâ€˜[01m[Karmor[m[Kâ€™ was not declared in this scope; did you mean â€˜[01m[KArmor[m[Kâ€™?
[1.360s]   307 |         if ([01;31m[Karmor[m[K.empty()) {
[1.360s]       |             [01;31m[K^~~~~[m[K
[1.360s]       |             [32m[KArmor[m[K
[1.364s] [01m[K/home/ubuntu/æ¡Œé¢/RM26_ROS2PKG/src/rm_auto_aim/detection/src/yolo_detection.cpp:329:9:[m[K [01;31m[Kerror: [m[Kâ€˜[01m[Kleft_top[m[Kâ€™ was not declared in this scope
[1.364s]   329 |         [01;31m[Kleft_top[m[K = armor[0].left_light.top;
[1.364s]       |         [01;31m[K^~~~~~~~[m[K
[1.368s] [01m[K/home/ubuntu/æ¡Œé¢/RM26_ROS2PKG/src/rm_auto_aim/detection/src/yolo_detection.cpp:329:20:[m[K [01;31m[Kerror: [m[Kâ€˜[01m[Karmor[m[Kâ€™ was not declared in this scope; did you mean â€˜[01m[KArmor[m[Kâ€™?
[1.368s]   329 |         left_top = [01;31m[Karmor[m[K[0].left_light.top;
[1.368s]       |                    [01;31m[K^~~~~[m[K
[1.368s]       |                    [32m[KArmor[m[K
[1.372s] [01m[K/home/ubuntu/æ¡Œé¢/RM26_ROS2PKG/src/rm_auto_aim/detection/src/yolo_detection.cpp:330:9:[m[K [01;31m[Kerror: [m[Kâ€˜[01m[Kright_bottom[m[Kâ€™ was not declared in this scope
[1.372s]   330 |         [01;31m[Kright_bottom[m[K = armor[0].right_light.bottom;
[1.372s]       |         [01;31m[K^~~~~~~~~~~~[m[K
[1.376s] [01m[K/home/ubuntu/æ¡Œé¢/RM26_ROS2PKG/src/rm_auto_aim/detection/src/yolo_detection.cpp:331:9:[m[K [01;31m[Kerror: [m[Kâ€˜[01m[Kleft_bottom[m[Kâ€™ was not declared in this scope
[1.376s]   331 |         [01;31m[Kleft_bottom[m[K = armor[0].left_light.bottom;
[1.376s]       |         [01;31m[K^~~~~~~~~~~[m[K
[1.380s] [01m[K/home/ubuntu/æ¡Œé¢/RM26_ROS2PKG/src/rm_auto_aim/detection/src/yolo_detection.cpp:332:9:[m[K [01;31m[Kerror: [m[Kâ€˜[01m[Kright_top[m[Kâ€™ was not declared in this scope
[1.380s]   332 |         [01;31m[Kright_top[m[K = armor[0].right_light.top;
[1.380s]       |         [01;31m[K^~~~~~~~~[m[K
[1.383s] [01m[K/home/ubuntu/æ¡Œé¢/RM26_ROS2PKG/src/rm_auto_aim/detection/src/yolo_detection.cpp:334:34:[m[K [01;31m[Kerror: [m[Kâ€˜[01m[Krev[m[Kâ€™ was not declared in this scope
[1.383s]   334 |         solver.solvePnP(armor[0],[01;31m[Krev[m[K,tvc);
[1.383s]       |                                  [01;31m[K^~~[m[K
[1.386s] [01m[K/home/ubuntu/æ¡Œé¢/RM26_ROS2PKG/src/rm_auto_aim/detection/src/yolo_detection.cpp:334:38:[m[K [01;31m[Kerror: [m[Kâ€˜[01m[Ktvc[m[Kâ€™ was not declared in this scope
[1.386s]   334 |         solver.solvePnP(armor[0],rev,[01;31m[Ktvc[m[K);
[1.386s]       |                                      [01;31m[K^~~[m[K
[1.802s] gmake[2]: *** [CMakeFiles/detection.dir/build.make:188ï¼šCMakeFiles/detection.dir/src/yolo_detection.cpp.o] é”™è¯¯ 1
[1.803s] gmake[1]: *** [CMakeFiles/Makefile2:83ï¼šCMakeFiles/detection.dir/all] é”™è¯¯ 2
[1.804s] gmake: *** [Makefile:91ï¼šall] é”™è¯¯ 2
[1.808s] Invoked command in '/home/ubuntu/æ¡Œé¢/RM26_ROS2PKG/build/detection' returned '2': /usr/bin/cmake --build /home/ubuntu/æ¡Œé¢/RM26_ROS2PKG/build/detection -- -j14 -l14
