[0.021s] Invoking command in '/home/ubuntu/æ¡Œé¢/RM26_ROS2PKG/build/recive_pkg': CMAKE_PREFIX_PATH=/opt/ros/humble /usr/bin/cmake --build /home/ubuntu/æ¡Œé¢/RM26_ROS2PKG/build/recive_pkg -- -j14 -l14
[0.048s] [35m[1mConsolidate compiler generated dependencies of target recive_pkg[0m
[0.088s] [  9%] [32mBuilding CXX object CMakeFiles/recive_pkg.dir/main.cpp.o[0m
[0.089s] [ 18%] [32mBuilding CXX object CMakeFiles/recive_pkg.dir/src/image_subscirber_node.cpp.o[0m
[2.860s] [01m[K/home/ubuntu/æ¡Œé¢/RM26_ROS2PKG/src/recive_pkg/src/image_subscirber_node.cpp:[m[K In constructor â€˜[01m[Karmor_detection::ImageSubscriber::ImageSubscriber(const string&)[m[Kâ€™:
[2.860s] [01m[K/home/ubuntu/æ¡Œé¢/RM26_ROS2PKG/src/recive_pkg/src/image_subscirber_node.cpp:30:71:[m[K [01;31m[Kerror: [m[Kâ€˜[01m[Kclass rclcpp::QoS[m[Kâ€™ has no member named â€˜[01m[Kvolatile_[m[Kâ€™
[2.861s]    30 |         auto pub_qos = rclcpp::QoS(rclcpp::KeepLast(5)).best_effort().[01;31m[Kvolatile_[m[K();
[2.861s]       |                                                                       [01;31m[K^~~~~~~~~[m[K
[4.264s] gmake[2]: *** [CMakeFiles/recive_pkg.dir/build.make:76ï¼šCMakeFiles/recive_pkg.dir/src/image_subscirber_node.cpp.o] é”™è¯¯ 1
[4.264s] gmake[1]: *** [CMakeFiles/Makefile2:137ï¼šCMakeFiles/recive_pkg.dir/all] é”™è¯¯ 2
[4.264s] gmake: *** [Makefile:146ï¼šall] é”™è¯¯ 2
[4.266s] Invoked command in '/home/ubuntu/æ¡Œé¢/RM26_ROS2PKG/build/recive_pkg' returned '2': CMAKE_PREFIX_PATH=/opt/ros/humble /usr/bin/cmake --build /home/ubuntu/æ¡Œé¢/RM26_ROS2PKG/build/recive_pkg -- -j14 -l14
