[01m[K/home/ubuntu/æ¡Œé¢/RM26_ROS2PKG/src/rm_auto_aim/detection/src/yolo_detection.cpp:[m[K In function â€˜[01m[Kfloat calculateInterArea(const CircleF&, const RectF&)[m[Kâ€™:
[01m[K/home/ubuntu/æ¡Œé¢/RM26_ROS2PKG/src/rm_auto_aim/detection/src/yolo_detection.cpp:244:11:[m[K [01;35m[Kwarning: [m[Kunused variable â€˜[01m[KrectArea[m[Kâ€™ [[01;35m[K]8;;https://gcc.gnu.org/onlinedocs/gcc/Warning-Options.html#index-Wunused-variable-Wunused-variable]8;;[m[K]
  244 |     float [01;35m[KrectArea[m[K = (r.x2 - r.x1) * (r.y2 - r.y1);
      |           [01;35m[K^~~~~~~~[m[K
[01m[K/home/ubuntu/æ¡Œé¢/RM26_ROS2PKG/src/rm_auto_aim/detection/src/yolo_detection.cpp:247:11:[m[K [01;35m[Kwarning: [m[Kunused variable â€˜[01m[KcircleArea[m[Kâ€™ [[01;35m[K]8;;https://gcc.gnu.org/onlinedocs/gcc/Warning-Options.html#index-Wunused-variable-Wunused-variable]8;;[m[K]
  247 |     float [01;35m[KcircleArea[m[K = M_PI * c.r * c.r;
      |           [01;35m[K^~~~~~~~~~[m[K
[01m[K/home/ubuntu/æ¡Œé¢/RM26_ROS2PKG/src/rm_auto_aim/detection/src/yolo_detection.cpp:[m[K At global scope:
[01m[K/home/ubuntu/æ¡Œé¢/RM26_ROS2PKG/src/rm_auto_aim/detection/src/yolo_detection.cpp:264:1:[m[K [01;31m[Kerror: [m[Kexpected unqualified-id before â€˜[01m[K/[m[Kâ€™ token
  264 | [01;31m[K/[m[Kç›¸æœºå†…å‚çŸ©é˜µ
      | [01;31m[K^[m[K
[01m[K/home/ubuntu/æ¡Œé¢/RM26_ROS2PKG/src/rm_auto_aim/detection/src/yolo_detection.cpp:274:18:[m[K [01;31m[Kerror: [m[Kâ€˜[01m[Kcam[m[Kâ€™ was not declared in this scope
  274 | PnPSolver solver([01;31m[Kcam[m[K, dist);
      |                  [01;31m[K^~~[m[K
[01m[K/home/ubuntu/æ¡Œé¢/RM26_ROS2PKG/src/rm_auto_aim/detection/src/yolo_detection.cpp:275:13:[m[K [01;31m[Kerror: [m[Kâ€˜[01m[Kcam[m[Kâ€™ was not declared in this scope
  275 | double fx = [01;31m[Kcam[m[K[0];
      |             [01;31m[K^~~[m[K
[01m[K/home/ubuntu/æ¡Œé¢/RM26_ROS2PKG/src/rm_auto_aim/detection/src/yolo_detection.cpp:276:13:[m[K [01;31m[Kerror: [m[Kâ€˜[01m[Kcam[m[Kâ€™ was not declared in this scope
  276 | double fy = [01;31m[Kcam[m[K[4];
      |             [01;31m[K^~~[m[K
[01m[K/home/ubuntu/æ¡Œé¢/RM26_ROS2PKG/src/rm_auto_aim/detection/src/yolo_detection.cpp:[m[K In member function â€˜[01m[Kvoid detection::DetectionArmor::run()[m[Kâ€™:
[01m[K/home/ubuntu/æ¡Œé¢/RM26_ROS2PKG/src/rm_auto_aim/detection/src/yolo_detection.cpp:408:25:[m[K [01;35m[Kwarning: [m[Kcomparison of integer expressions of different signedness: â€˜[01m[Ksize_t[m[Kâ€™ {aka â€˜[01m[Klong unsigned int[m[Kâ€™} and â€˜[01m[Kint[m[Kâ€™ [[01;35m[K]8;;https://gcc.gnu.org/onlinedocs/gcc/Warning-Options.html#index-Wsign-compare-Wsign-compare]8;;[m[K]
  408 |         if ([01;35m[Kframe_count == int(cap.get(cv::CAP_PROP_FRAME_COUNT))[m[K)
      |             [01;35m[K~~~~~~~~~~~~^~~~~~~~~~~~~~~~~~~~~~~~~~~~~~~~~~~~~~~~~[m[K
gmake[2]: *** [CMakeFiles/recive_pkg.dir/build.make:104ï¼šCMakeFiles/recive_pkg.dir/home/ubuntu/æ¡Œé¢/RM26_ROS2PKG/src/rm_auto_aim/detection/src/yolo_detection.cpp.o] é”™è¯¯ 1
gmake[1]: *** [CMakeFiles/Makefile2:137ï¼šCMakeFiles/recive_pkg.dir/all] é”™è¯¯ 2
gmake: *** [Makefile:146ï¼šall] é”™è¯¯ 2
