[0.013s] Invoking command in '/home/ubuntu/æ¡Œé¢/RM26/build/recive_pkg': CMAKE_PREFIX_PATH=/opt/ros/humble /usr/bin/cmake --build /home/ubuntu/æ¡Œé¢/RM26/build/recive_pkg -- -j14 -l14
[0.064s] [35m[1mConsolidate compiler generated dependencies of target recive_pkg[0m
[0.102s] [ 10%] [32mBuilding CXX object CMakeFiles/recive_pkg.dir/home/ubuntu/æ¡Œé¢/RM26/src/rm_auto_aim/detection/src/yolo_detection.cpp.o[0m
[0.103s] [ 20%] [32mBuilding CXX object CMakeFiles/recive_pkg.dir/src/image_subscirber_node.cpp.o[0m
[2.049s] [01m[K/home/ubuntu/æ¡Œé¢/RM26/src/rm_auto_aim/detection/src/yolo_detection.cpp:[m[K In member function â€˜[01m[Kvoid detection::DetectionArmor::run()[m[Kâ€™:
[2.049s] [01m[K/home/ubuntu/æ¡Œé¢/RM26/src/rm_auto_aim/detection/src/yolo_detection.cpp:205:25:[m[K [01;35m[Kwarning: [m[Kcomparison of integer expressions of different signedness: â€˜[01m[Ksize_t[m[Kâ€™ {aka â€˜[01m[Klong unsigned int[m[Kâ€™} and â€˜[01m[Kint[m[Kâ€™ [[01;35m[K]8;;https://gcc.gnu.org/onlinedocs/gcc/Warning-Options.html#index-Wsign-compare-Wsign-compare]8;;[m[K]
[2.049s]   205 |         if ([01;35m[Kframe_count == int(cap.get(cv::CAP_PROP_FRAME_COUNT))[m[K)
[2.049s]       |             [01;35m[K~~~~~~~~~~~~^~~~~~~~~~~~~~~~~~~~~~~~~~~~~~~~~~~~~~~~~[m[K
[2.061s] [01m[K/home/ubuntu/æ¡Œé¢/RM26/src/rm_auto_aim/detection/src/yolo_detection.cpp:[m[K In member function â€˜[01m[Kvoid detection::DetectionArmor::drawTracks(cv::Mat&)[m[Kâ€™:
[2.061s] [01m[K/home/ubuntu/æ¡Œé¢/RM26/src/rm_auto_aim/detection/src/yolo_detection.cpp:380:20:[m[K [01;35m[Kwarning: [m[Kvariable â€˜[01m[Kcolor[m[Kâ€™ set but not used [[01;35m[K]8;;https://gcc.gnu.org/onlinedocs/gcc/Warning-Options.html#index-Wunused-but-set-variable-Wunused-but-set-variable]8;;[m[K]
[2.061s]   380 |             Scalar [01;35m[Kcolor[m[K = tracker.get_color(track.track_id); // è·å–è·Ÿè¸ªIDå¯¹åº”çš„é¢œè‰²
[2.061s]       |                    [01;35m[K^~~~~[m[K
[2.062s] [01m[K/home/ubuntu/æ¡Œé¢/RM26/src/rm_auto_aim/detection/src/yolo_detection.cpp:383:19:[m[K [01;35m[Kwarning: [m[Kvariable â€˜[01m[Ktl[m[Kâ€™ set but not used [[01;35m[K]8;;https://gcc.gnu.org/onlinedocs/gcc/Warning-Options.html#index-Wunused-but-set-variable-Wunused-but-set-variable]8;;[m[K]
[2.062s]   383 |             Point [01;35m[Ktl[m[K = Point(tlwh[0], tlwh[1]); // å·¦ä¸Šè§’   1
[2.062s]       |                   [01;35m[K^~[m[K
[2.062s] [01m[K/home/ubuntu/æ¡Œé¢/RM26/src/rm_auto_aim/detection/src/yolo_detection.cpp:384:19:[m[K [01;35m[Kwarning: [m[Kvariable â€˜[01m[Kbr[m[Kâ€™ set but not used [[01;35m[K]8;;https://gcc.gnu.org/onlinedocs/gcc/Warning-Options.html#index-Wunused-but-set-variable-Wunused-but-set-variable]8;;[m[K]
[2.062s]   384 |             Point [01;35m[Kbr[m[K = Point(tlwh[0] + tlwh[2], tlwh[1] + tlwh[3]); // å³ä¸‹è§’  3
[2.062s]       |                   [01;35m[K^~[m[K
[2.062s] [01m[K/home/ubuntu/æ¡Œé¢/RM26/src/rm_auto_aim/detection/src/yolo_detection.cpp:[m[K In member function â€˜[01m[Kvoid detection::DetectionArmor::format_print_data_test()[m[Kâ€™:
[2.062s] [01m[K/home/ubuntu/æ¡Œé¢/RM26/src/rm_auto_aim/detection/src/yolo_detection.cpp:460:15:[m[K [01;35m[Kwarning: [m[Kvariable â€˜[01m[Kd[m[Kâ€™ set but not used [[01;35m[K]8;;https://gcc.gnu.org/onlinedocs/gcc/Warning-Options.html#index-Wunused-but-set-variable-Wunused-but-set-variable]8;;[m[K]
[2.062s]   460 |     for (auto [01;35m[Kd[m[K : getdata())
[2.062s]       |               [01;35m[K^[m[K
[3.778s] [01m[K/home/ubuntu/æ¡Œé¢/RM26/src/recive_pkg/src/image_subscirber_node.cpp:[m[K In member function â€˜[01m[Kvoid armor_detection::ImageSubscriber::imageCallback(sensor_msgs::msg::Image_<std::allocator<void> >::SharedPtr)[m[Kâ€™:
[3.778s] [01m[K/home/ubuntu/æ¡Œé¢/RM26/src/recive_pkg/src/image_subscirber_node.cpp:66:53:[m[K [01;31m[Kerror: [m[Kâ€˜[01m[KInt32[m[Kâ€™ is not a member of â€˜[01m[Kgeometry_msgs::msg[m[Kâ€™
[3.778s]    66 |                 auto flag_msg = geometry_msgs::msg::[01;31m[KInt32[m[K();
[3.778s]       |                                                     [01;31m[K^~~~~[m[K
[3.778s] [01m[K/home/ubuntu/æ¡Œé¢/RM26/src/recive_pkg/src/image_subscirber_node.cpp:67:27:[m[K [01;31m[Kerror: [m[Kâ€˜[01m[Kstruct geometry_msgs::msg::Point_<std::allocator<void> >[m[Kâ€™ has no member named â€˜[01m[Kdata[m[Kâ€™
[3.778s]    67 |                 delta_msg.[01;31m[Kdata[m[K = flag;
[3.778s]       |                           [01;31m[K^~~~[m[K
[3.778s] [01m[K/home/ubuntu/æ¡Œé¢/RM26/src/recive_pkg/src/image_subscirber_node.cpp:79:21:[m[K [01;35m[Kwarning: [m[Knarrowing conversion of â€˜[01m[Kflag[m[Kâ€™ from â€˜[01m[Kint[m[Kâ€™ to â€˜[01m[Kfloat[m[Kâ€™ [[01;35m[K]8;;https://gcc.gnu.org/onlinedocs/gcc/Warning-Options.html#index-Wnarrowing-Wnarrowing]8;;[m[K]
[3.779s]    79 |                     [01;35m[Kflag[m[K
[3.779s]       |                     [01;35m[K^~~~[m[K
[3.779s] [01m[K/home/ubuntu/æ¡Œé¢/RM26/src/recive_pkg/src/image_subscirber_node.cpp:79:21:[m[K [01;35m[Kwarning: [m[Knarrowing conversion of â€˜[01m[Kflag[m[Kâ€™ from â€˜[01m[Kint[m[Kâ€™ to â€˜[01m[Kfloat[m[Kâ€™ [[01;35m[K]8;;https://gcc.gnu.org/onlinedocs/gcc/Warning-Options.html#index-Wnarrowing-Wnarrowing]8;;[m[K]
[5.404s] gmake[2]: *** [CMakeFiles/recive_pkg.dir/build.make:76ï¼šCMakeFiles/recive_pkg.dir/src/image_subscirber_node.cpp.o] é”™è¯¯ 1
[5.404s] gmake[1]: *** [CMakeFiles/Makefile2:137ï¼šCMakeFiles/recive_pkg.dir/all] é”™è¯¯ 2
[5.404s] gmake: *** [Makefile:146ï¼šall] é”™è¯¯ 2
[5.407s] Invoked command in '/home/ubuntu/æ¡Œé¢/RM26/build/recive_pkg' returned '2': CMAKE_PREFIX_PATH=/opt/ros/humble /usr/bin/cmake --build /home/ubuntu/æ¡Œé¢/RM26/build/recive_pkg -- -j14 -l14
