[0.016s] Invoking command in '/home/ubuntu/æ¡Œé¢/RM26/build/recive_pkg': CMAKE_PREFIX_PATH=/opt/ros/humble /usr/bin/cmake --build /home/ubuntu/æ¡Œé¢/RM26/build/recive_pkg -- -j14 -l14
[0.068s] [35m[1mConsolidate compiler generated dependencies of target recive_pkg[0m
[0.099s] [ 10%] [32mBuilding CXX object CMakeFiles/recive_pkg.dir/src/image_subscirber_node.cpp.o[0m
[0.099s] [ 20%] [32mBuilding CXX object CMakeFiles/recive_pkg.dir/home/ubuntu/æ¡Œé¢/RM26/src/rm_auto_aim/detection/src/traditional_detector.cpp.o[0m
[0.483s] [01m[K/home/ubuntu/æ¡Œé¢/RM26/src/recive_pkg/src/image_subscirber_node.cpp:99:2:[m[K [01;31m[Kerror: [m[Kunterminated argument list invoking macro "RCLCPP_INFO"
[0.483s]    99 | }
[0.483s]       |  [01;31m[K^[m[K
[2.917s] [01m[K/home/ubuntu/æ¡Œé¢/RM26/src/recive_pkg/src/image_subscirber_node.cpp:[m[K In member function â€˜[01m[Kvoid armor_detection::ImageSubscriber::imageCallback(sensor_msgs::msg::Image_<std::allocator<void> >::SharedPtr)[m[Kâ€™:
[2.917s] [01m[K/home/ubuntu/æ¡Œé¢/RM26/src/recive_pkg/src/image_subscirber_node.cpp:80:17:[m[K [01;31m[Kerror: [m[Kâ€˜[01m[KRCLCPP_INFO[m[Kâ€™ was not declared in this scope
[2.917s]    80 |                 [01;31m[KRCLCPP_INFO[m[K(this->get_logger(),
[2.917s]       |                 [01;31m[K^~~~~~~~~~~[m[K
[2.917s] [01m[K/home/ubuntu/æ¡Œé¢/RM26/src/recive_pkg/src/image_subscirber_node.cpp:80:28:[m[K [01;31m[Kerror: [m[Kexpected â€˜[01m[K}[m[Kâ€™ at end of input
[2.917s]    80 |                 RCLCPP_INFO[01;31m[K([m[Kthis->get_logger(),
[2.917s]       |                            [01;31m[K^[m[K
[2.917s] [01m[K/home/ubuntu/æ¡Œé¢/RM26/src/recive_pkg/src/image_subscirber_node.cpp:49:34:[m[K [01;36m[Knote: [m[Kto match this â€˜[01m[K{[m[Kâ€™
[2.917s]    49 |             if (!armors.empty()) [01;36m[K{[m[K
[2.917s]       |                                  [01;36m[K^[m[K
[2.917s] [01m[K/home/ubuntu/æ¡Œé¢/RM26/src/recive_pkg/src/image_subscirber_node.cpp:80:28:[m[K [01;31m[Kerror: [m[Kexpected â€˜[01m[K}[m[Kâ€™ at end of input
[2.917s]    80 |                 RCLCPP_INFO[01;31m[K([m[Kthis->get_logger(),
[2.917s]       |                            [01;31m[K^[m[K
[2.917s] [01m[K/home/ubuntu/æ¡Œé¢/RM26/src/recive_pkg/src/image_subscirber_node.cpp:34:13:[m[K [01;36m[Knote: [m[Kto match this â€˜[01m[K{[m[Kâ€™
[2.917s]    34 |         try [01;36m[K{[m[K
[2.918s]       |             [01;36m[K^[m[K
[2.918s] [01m[K/home/ubuntu/æ¡Œé¢/RM26/src/recive_pkg/src/image_subscirber_node.cpp:80:28:[m[K [01;31m[Kerror: [m[Kexpected â€˜[01m[Kcatch[m[Kâ€™ at end of input
[2.918s]    80 |                 RCLCPP_INFO[01;31m[K([m[Kthis->get_logger(),
[2.918s]       |                            [01;31m[K^[m[K
[2.918s] [01m[K/home/ubuntu/æ¡Œé¢/RM26/src/recive_pkg/src/image_subscirber_node.cpp:80:28:[m[K [01;31m[Kerror: [m[Kexpected â€˜[01m[K([m[Kâ€™ at end of input
[2.918s]    80 |                 RCLCPP_INFO[01;31m[K([m[Kthis->get_logger(),
[2.918s]       |                            [01;31m[K^[m[K
[2.918s]       |                            [32m[K([m[K
[2.918s] [01m[K/home/ubuntu/æ¡Œé¢/RM26/src/recive_pkg/src/image_subscirber_node.cpp:80:28:[m[K [01;31m[Kerror: [m[Kexpected type-specifier at end of input
[2.918s] [01m[K/home/ubuntu/æ¡Œé¢/RM26/src/recive_pkg/src/image_subscirber_node.cpp:80:28:[m[K [01;31m[Kerror: [m[Kexpected â€˜[01m[K)[m[Kâ€™ at end of input
[2.918s]    80 |                 RCLCPP_INFO[01;31m[K([m[Kthis->get_logger(),
[2.918s]       |                            [01;31m[K^[m[K
[2.918s]       |                            [32m[K)[m[K
[2.918s] [01m[K/home/ubuntu/æ¡Œé¢/RM26/src/recive_pkg/src/image_subscirber_node.cpp:80:28:[m[K [01;31m[Kerror: [m[Kexpected â€˜[01m[K{[m[Kâ€™ at end of input
[2.918s] [01m[K/home/ubuntu/æ¡Œé¢/RM26/src/recive_pkg/src/image_subscirber_node.cpp:80:28:[m[K [01;31m[Kerror: [m[Kexpected â€˜[01m[K}[m[Kâ€™ at end of input
[2.918s] [01m[K/home/ubuntu/æ¡Œé¢/RM26/src/recive_pkg/src/image_subscirber_node.cpp:33:5:[m[K [01;36m[Knote: [m[Kto match this â€˜[01m[K{[m[Kâ€™
[2.918s]    33 |     [01;36m[K{[m[K
[2.918s]       |     [01;36m[K^[m[K
[2.918s] [01m[K/home/ubuntu/æ¡Œé¢/RM26/src/recive_pkg/src/image_subscirber_node.cpp:[m[K At global scope:
[2.918s] [01m[K/home/ubuntu/æ¡Œé¢/RM26/src/recive_pkg/src/image_subscirber_node.cpp:80:28:[m[K [01;31m[Kerror: [m[Kexpected â€˜[01m[K}[m[Kâ€™ at end of input
[2.918s]    80 |                 RCLCPP_INFO[01;31m[K([m[Kthis->get_logger(),
[2.918s]       |                            [01;31m[K^[m[K
[2.918s] [01m[K/home/ubuntu/æ¡Œé¢/RM26/src/recive_pkg/src/image_subscirber_node.cpp:4:1:[m[K [01;36m[Knote: [m[Kto match this â€˜[01m[K{[m[Kâ€™
[2.918s]     4 | [01;36m[K{[m[K
[2.918s]       | [01;36m[K^[m[K
[4.275s] gmake[2]: *** [CMakeFiles/recive_pkg.dir/build.make:76ï¼šCMakeFiles/recive_pkg.dir/src/image_subscirber_node.cpp.o] é”™è¯¯ 1
[4.276s] gmake[1]: *** [CMakeFiles/Makefile2:137ï¼šCMakeFiles/recive_pkg.dir/all] é”™è¯¯ 2
[4.276s] gmake: *** [Makefile:146ï¼šall] é”™è¯¯ 2
[4.279s] Invoked command in '/home/ubuntu/æ¡Œé¢/RM26/build/recive_pkg' returned '2': CMAKE_PREFIX_PATH=/opt/ros/humble /usr/bin/cmake --build /home/ubuntu/æ¡Œé¢/RM26/build/recive_pkg -- -j14 -l14
