[35m[1mConsolidate compiler generated dependencies of target test_aim_node[0m
[ 50%] Built target detection
[ 62%] [32mBuilding CXX object CMakeFiles/test_aim_node.dir/test_aim_node.cpp.o[0m
[01m[K/home/ubuntu/æ¡Œé¢/Robomaster/RM26_ROS2PKG/src/rm_auto_aim/detection/test_aim_node.cpp:[m[K In function â€˜[01m[Kint main(int, char**)[m[Kâ€™:
[01m[K/home/ubuntu/æ¡Œé¢/Robomaster/RM26_ROS2PKG/src/rm_auto_aim/detection/test_aim_node.cpp:38:9:[m[K [01;35m[Kwarning: [m[Kinit-statement in selection statements only available with â€˜[01m[K-std=c++17[m[Kâ€™ or â€˜[01m[K-std=gnu++17[m[Kâ€™
   38 |     if ([01;35m[Kgetcwd[m[K(cwd, sizeof(cwd)) {
      |         [01;35m[K^~~~~~[m[K
[01m[K/home/ubuntu/æ¡Œé¢/Robomaster/RM26_ROS2PKG/src/rm_auto_aim/detection/test_aim_node.cpp:38:33:[m[K [01;31m[Kerror: [m[Kexpected â€˜[01m[K;[m[Kâ€™ before â€˜[01m[K{[m[Kâ€™ token
   38 |     if (getcwd(cwd, sizeof(cwd))[01;31m[K [m[K[32m[K{[m[K
      |                                 [01;31m[K^[m[K[32m[K~[m[K
      |                                 [32m[K;[m[K
[01m[K/home/ubuntu/æ¡Œé¢/Robomaster/RM26_ROS2PKG/src/rm_auto_aim/detection/test_aim_node.cpp:40:7:[m[K [01;31m[Kerror: [m[Kexpected primary-expression before â€˜[01m[Kelse[m[Kâ€™
   40 |     } [01;31m[Kelse[m[K {
      |       [01;31m[K^~~~[m[K
[01m[K/home/ubuntu/æ¡Œé¢/Robomaster/RM26_ROS2PKG/src/rm_auto_aim/detection/test_aim_node.cpp:40:6:[m[K [01;31m[Kerror: [m[Kexpected â€˜[01m[K)[m[Kâ€™ before â€˜[01m[Kelse[m[Kâ€™
   40 |     }[01;31m[K [m[K[32m[Kelse[m[K {
      |      [01;31m[K^[m[K[32m[K~~~~[m[K
      |      [32m[K)[m[K
[01m[K/home/ubuntu/æ¡Œé¢/Robomaster/RM26_ROS2PKG/src/rm_auto_aim/detection/test_aim_node.cpp:38:8:[m[K [01;36m[Knote: [m[Kto match this â€˜[01m[K([m[Kâ€™
   38 |     if [01;36m[K([m[Kgetcwd(cwd, sizeof(cwd)) {
      |        [01;36m[K^[m[K
[01m[K/home/ubuntu/æ¡Œé¢/Robomaster/RM26_ROS2PKG/src/rm_auto_aim/detection/test_aim_node.cpp:48:30:[m[K [01;31m[Kerror: [m[Kâ€˜[01m[Kcurrent_path[m[Kâ€™ was not declared in this scope
   48 |     std::string model_path = [01;31m[Kcurrent_path[m[K + "/src/rm_auto_aim/detection/model/new.onnx";
      |                              [01;31m[K^~~~~~~~~~~~[m[K
gmake[2]: *** [CMakeFiles/test_aim_node.dir/build.make:76ï¼šCMakeFiles/test_aim_node.dir/test_aim_node.cpp.o] é”™è¯¯ 1
gmake[1]: *** [CMakeFiles/Makefile2:111ï¼šCMakeFiles/test_aim_node.dir/all] é”™è¯¯ 2
gmake: *** [Makefile:91ï¼šall] é”™è¯¯ 2
