[0.010s] Invoking command in '/home/ubuntu/æ¡Œé¢/Robomaster/RM26_ROS2PKG/build/detection': /usr/bin/cmake --build /home/ubuntu/æ¡Œé¢/Robomaster/RM26_ROS2PKG/build/detection -- -j14 -l14
[0.035s] -- Configuring done
[0.042s] -- Generating done
[0.044s] -- Build files have been written to: /home/ubuntu/æ¡Œé¢/Robomaster/RM26_ROS2PKG/build/detection
[0.060s] [35m[1mConsolidate compiler generated dependencies of target detection[0m
[0.075s] [ 12%] [32mBuilding CXX object CMakeFiles/test_aim_node.dir/src/traditional_detector.cpp.o[0m
[0.078s] [ 62%] Built target detection
[0.078s] [ 75%] [32mBuilding CXX object CMakeFiles/test_aim_node.dir/test_aim_node.cpp.o[0m
[0.081s] [ 87%] [32mBuilding CXX object CMakeFiles/test_aim_node.dir/src/yolo_detection.cpp.o[0m
[0.944s] [01m[K/home/ubuntu/æ¡Œé¢/Robomaster/RM26_ROS2PKG/src/rm_auto_aim/detection/test_aim_node.cpp:8:21:[m[K [01;31m[Kerror: [m[Kâ€˜[01m[Kfilesystem[m[Kâ€™ is not a namespace-name; did you mean â€˜[01m[Ksystem[m[Kâ€™?
[0.944s]     8 | namespace fs = std::[01;31m[Kfilesystem[m[K;
[0.944s]       |                     [01;31m[K^~~~~~~~~~[m[K
[0.944s]       |                     [32m[Ksystem[m[K
[0.944s] [01m[K/home/ubuntu/æ¡Œé¢/Robomaster/RM26_ROS2PKG/src/rm_auto_aim/detection/test_aim_node.cpp:[m[K In function â€˜[01m[Kint main(int, char**)[m[Kâ€™:
[0.944s] [01m[K/home/ubuntu/æ¡Œé¢/Robomaster/RM26_ROS2PKG/src/rm_auto_aim/detection/test_aim_node.cpp:13:32:[m[K [01;31m[Kerror: [m[Kâ€˜[01m[Kfs[m[Kâ€™ has not been declared
[0.944s]    13 |     std::string current_path = [01;31m[Kfs[m[K::current_path().string();
[0.944s]       |                                [01;31m[K^~[m[K
[0.947s] [01m[K/home/ubuntu/æ¡Œé¢/Robomaster/RM26_ROS2PKG/src/rm_auto_aim/detection/test_aim_node.cpp:21:10:[m[K [01;31m[Kerror: [m[Kâ€˜[01m[Kfs[m[Kâ€™ has not been declared
[0.948s]    21 |     if (![01;31m[Kfs[m[K::exists(video_dir)) {
[0.948s]       |          [01;31m[K^~[m[K
[0.949s] [01m[K/home/ubuntu/æ¡Œé¢/Robomaster/RM26_ROS2PKG/src/rm_auto_aim/detection/test_aim_node.cpp:28:30:[m[K [01;31m[Kerror: [m[Kâ€˜[01m[Kfs[m[Kâ€™ has not been declared
[0.949s]    28 |     for (const auto& entry : [01;31m[Kfs[m[K::directory_iterator(video_dir)) {
[0.949s]       |                              [01;31m[K^~[m[K
[0.949s] [01m[K/home/ubuntu/æ¡Œé¢/Robomaster/RM26_ROS2PKG/src/rm_auto_aim/detection/test_aim_node.cpp:44:47:[m[K [01;31m[Kerror: [m[Kâ€˜[01m[Kfs[m[Kâ€™ has not been declared
[0.949s]    44 |         std::cout << "  " << i + 1 << ". " << [01;31m[Kfs[m[K::path(video_files[i]).filename().string() << std::endl;
[0.949s]       |                                               [01;31m[K^~[m[K
[0.949s] [01m[K/home/ubuntu/æ¡Œé¢/Robomaster/RM26_ROS2PKG/src/rm_auto_aim/detection/test_aim_node.cpp:61:10:[m[K [01;31m[Kerror: [m[Kâ€˜[01m[Kfs[m[Kâ€™ has not been declared
[0.949s]    61 |     if (![01;31m[Kfs[m[K::exists(model_path)) {
[0.949s]       |          [01;31m[K^~[m[K
[1.502s] gmake[2]: *** [CMakeFiles/test_aim_node.dir/build.make:76ï¼šCMakeFiles/test_aim_node.dir/test_aim_node.cpp.o] é”™è¯¯ 1
[1.502s] gmake[2]: *** æ­£åœ¨ç­‰å¾…æœªå®Œæˆçš„ä»»åŠ¡....
[1.919s] gmake[1]: *** [CMakeFiles/Makefile2:111ï¼šCMakeFiles/test_aim_node.dir/all] é”™è¯¯ 2
[1.919s] gmake: *** [Makefile:91ï¼šall] é”™è¯¯ 2
[1.922s] Invoked command in '/home/ubuntu/æ¡Œé¢/Robomaster/RM26_ROS2PKG/build/detection' returned '2': /usr/bin/cmake --build /home/ubuntu/æ¡Œé¢/Robomaster/RM26_ROS2PKG/build/detection -- -j14 -l14
