[01m[K/home/ubuntu/æ¡Œé¢/RM26_ROS2PKG/src/rm_auto_aim/detection/src/yolo_detection.cpp:[m[K In member function â€˜[01m[Kvoid detection::DetectionArmor::drawObject(cv::Mat&, std::vector<detection::ArmorData>&)[m[Kâ€™:
[01m[K/home/ubuntu/æ¡Œé¢/RM26_ROS2PKG/src/rm_auto_aim/detection/src/yolo_detection.cpp:304:13:[m[K [01;31m[Kerror: [m[Kâ€˜[01m[Karmor[m[Kâ€™ was not declared in this scope; did you mean â€˜[01m[KArmor[m[Kâ€™?
  304 |         if ([01;31m[Karmor[m[K.empty()) {
      |             [01;31m[K^~~~~[m[K
      |             [32m[KArmor[m[K
[01m[K/home/ubuntu/æ¡Œé¢/RM26_ROS2PKG/src/rm_auto_aim/detection/src/yolo_detection.cpp:326:9:[m[K [01;31m[Kerror: [m[Kâ€˜[01m[Kleft_top[m[Kâ€™ was not declared in this scope
  326 |         [01;31m[Kleft_top[m[K = armor[0].left_light.top;
      |         [01;31m[K^~~~~~~~[m[K
[01m[K/home/ubuntu/æ¡Œé¢/RM26_ROS2PKG/src/rm_auto_aim/detection/src/yolo_detection.cpp:326:20:[m[K [01;31m[Kerror: [m[Kâ€˜[01m[Karmor[m[Kâ€™ was not declared in this scope; did you mean â€˜[01m[KArmor[m[Kâ€™?
  326 |         left_top = [01;31m[Karmor[m[K[0].left_light.top;
      |                    [01;31m[K^~~~~[m[K
      |                    [32m[KArmor[m[K
[01m[K/home/ubuntu/æ¡Œé¢/RM26_ROS2PKG/src/rm_auto_aim/detection/src/yolo_detection.cpp:327:9:[m[K [01;31m[Kerror: [m[Kâ€˜[01m[Kright_bottom[m[Kâ€™ was not declared in this scope
  327 |         [01;31m[Kright_bottom[m[K = armor[0].right_light.bottom;
      |         [01;31m[K^~~~~~~~~~~~[m[K
[01m[K/home/ubuntu/æ¡Œé¢/RM26_ROS2PKG/src/rm_auto_aim/detection/src/yolo_detection.cpp:328:9:[m[K [01;31m[Kerror: [m[Kâ€˜[01m[Kleft_bottom[m[Kâ€™ was not declared in this scope
  328 |         [01;31m[Kleft_bottom[m[K = armor[0].left_light.bottom;
      |         [01;31m[K^~~~~~~~~~~[m[K
[01m[K/home/ubuntu/æ¡Œé¢/RM26_ROS2PKG/src/rm_auto_aim/detection/src/yolo_detection.cpp:329:9:[m[K [01;31m[Kerror: [m[Kâ€˜[01m[Kright_top[m[Kâ€™ was not declared in this scope
  329 |         [01;31m[Kright_top[m[K = armor[0].right_light.top;
      |         [01;31m[K^~~~~~~~~[m[K
[01m[K/home/ubuntu/æ¡Œé¢/RM26_ROS2PKG/src/rm_auto_aim/detection/src/yolo_detection.cpp:331:34:[m[K [01;31m[Kerror: [m[Kâ€˜[01m[Krev[m[Kâ€™ was not declared in this scope
  331 |         solver.solvePnP(armor[0],[01;31m[Krev[m[K,tvc);
      |                                  [01;31m[K^~~[m[K
[01m[K/home/ubuntu/æ¡Œé¢/RM26_ROS2PKG/src/rm_auto_aim/detection/src/yolo_detection.cpp:331:38:[m[K [01;31m[Kerror: [m[Kâ€˜[01m[Ktvc[m[Kâ€™ was not declared in this scope
  331 |         solver.solvePnP(armor[0],rev,[01;31m[Ktvc[m[K);
      |                                      [01;31m[K^~~[m[K
[01m[K/home/ubuntu/æ¡Œé¢/RM26_ROS2PKG/src/rm_auto_aim/detection/src/yolo_detection.cpp:342:53:[m[K [01;31m[Kerror: [m[Kâ€˜[01m[Kfx[m[Kâ€™ was not declared in this scope
  342 |         calculateGimbalAngles(d.delta_x, d.delta_y, [01;31m[Kfx[m[K, fy, d.target_yaw, d.target_pitch);
      |                                                     [01;31m[K^~[m[K
[01m[K/home/ubuntu/æ¡Œé¢/RM26_ROS2PKG/src/rm_auto_aim/detection/src/yolo_detection.cpp:342:57:[m[K [01;31m[Kerror: [m[Kâ€˜[01m[Kfy[m[Kâ€™ was not declared in this scope
  342 |         calculateGimbalAngles(d.delta_x, d.delta_y, fx, [01;31m[Kfy[m[K, d.target_yaw, d.target_pitch);
      |                                                         [01;31m[K^~[m[K
gmake[2]: *** [CMakeFiles/detection.dir/build.make:188ï¼šCMakeFiles/detection.dir/src/yolo_detection.cpp.o] é”™è¯¯ 1
gmake[2]: *** æ­£åœ¨ç­‰å¾…æœªå®Œæˆçš„ä»»åŠ¡....
gmake[1]: *** [CMakeFiles/Makefile2:83ï¼šCMakeFiles/detection.dir/all] é”™è¯¯ 2
gmake: *** [Makefile:91ï¼šall] é”™è¯¯ 2
