[0.016s] Invoking command in '/home/ubuntu/æ¡Œé¢/RM26/build/detection': /usr/bin/cmake --build /home/ubuntu/æ¡Œé¢/RM26/build/detection -- -j14 -l14
[0.062s] [35m[1mConsolidate compiler generated dependencies of target detection[0m
[0.082s] [ 11%] [32mBuilding CXX object CMakeFiles/detection.dir/src/yolo_detection.cpp.o[0m
[1.779s] [01m[K/home/ubuntu/æ¡Œé¢/RM26/src/rm_auto_aim/detection/src/yolo_detection.cpp:[m[K In member function â€˜[01m[Kvoid detection::DetectionArmor::drawObject(cv::Mat&, std::vector<detection::ArmorData>&)[m[Kâ€™:
[1.779s] [01m[K/home/ubuntu/æ¡Œé¢/RM26/src/rm_auto_aim/detection/src/yolo_detection.cpp:151:13:[m[K [01;31m[Kerror: [m[Kâ€˜[01m[Kflag[m[Kâ€™ was not declared in this scope
[1.779s]   151 |             [01;31m[Kflag[m[K = 1;
[1.779s]       |             [01;31m[K^~~~[m[K
[1.782s] [01m[K/home/ubuntu/æ¡Œé¢/RM26/src/rm_auto_aim/detection/src/yolo_detection.cpp:155:13:[m[K [01;31m[Kerror: [m[Kâ€˜[01m[Kflag[m[Kâ€™ was not declared in this scope
[1.782s]   155 |             [01;31m[Kflag[m[K = 0;
[1.782s]       |             [01;31m[K^~~~[m[K
[2.342s] gmake[2]: *** [CMakeFiles/detection.dir/build.make:174ï¼šCMakeFiles/detection.dir/src/yolo_detection.cpp.o] é”™è¯¯ 1
[2.342s] gmake[1]: *** [CMakeFiles/Makefile2:83ï¼šCMakeFiles/detection.dir/all] é”™è¯¯ 2
[2.343s] gmake: *** [Makefile:91ï¼šall] é”™è¯¯ 2
[2.347s] Invoked command in '/home/ubuntu/æ¡Œé¢/RM26/build/detection' returned '2': /usr/bin/cmake --build /home/ubuntu/æ¡Œé¢/RM26/build/detection -- -j14 -l14
