-- Found ament_cmake: 1.3.12 (/opt/ros/humble/share/ament_cmake/cmake)
-- Found rclcpp: 16.0.14 (/opt/ros/humble/share/rclcpp/cmake)
-- Found rosidl_generator_c: 3.1.7 (/opt/ros/humble/share/rosidl_generator_c/cmake)
-- Found rosidl_adapter: 3.1.7 (/opt/ros/humble/share/rosidl_adapter/cmake)
-- Found rosidl_generator_cpp: 3.1.7 (/opt/ros/humble/share/rosidl_generator_cpp/cmake)
-- Using all available rosidl_typesupport_c: rosidl_typesupport_fastrtps_c;rosidl_typesupport_introspection_c
-- Using all available rosidl_typesupport_cpp: rosidl_typesupport_fastrtps_cpp;rosidl_typesupport_introspection_cpp
-- Found rmw_implementation_cmake: 6.1.2 (/opt/ros/humble/share/rmw_implementation_cmake/cmake)
-- Found rmw_fastrtps_cpp: 6.2.8 (/opt/ros/humble/share/rmw_fastrtps_cpp/cmake)
-- Using RMW implementation 'rmw_fastrtps_cpp' as default
-- Found sensor_msgs: 4.9.0 (/opt/ros/humble/share/sensor_msgs/cmake)
-- Found cv_bridge: 3.2.1 (/opt/ros/humble/share/cv_bridge/cmake)
-- Found ament_lint_auto: 0.12.14 (/opt/ros/humble/share/ament_lint_auto/cmake)
-- Added test 'cppcheck' to perform static code analysis on C / C++ code
-- Configured cppcheck include dirs: /home/ubuntu/Ê°åÈù¢/RM26/src/recive_pkg/include
-- Configured cppcheck exclude dirs and/or files: 
-- Added test 'lint_cmake' to check CMake code style
-- Added test 'uncrustify' to check C / C++ code style
-- Configured uncrustify additional arguments: 
-- Added test 'xmllint' to check XML markup files
-- Configuring done
-- Generating done
-- Build files have been written to: /home/ubuntu/Ê°åÈù¢/RM26/build/recive_pkg
[35m[1mConsolidate compiler generated dependencies of target recive_pkg[0m
[ 10%] [32mBuilding CXX object CMakeFiles/recive_pkg.dir/src/image_subscirber_node.cpp.o[0m
[ 20%] [32mBuilding CXX object CMakeFiles/recive_pkg.dir/main.cpp.o[0m
[ 30%] [32mBuilding CXX object CMakeFiles/recive_pkg.dir/home/ubuntu/Ê°åÈù¢/RM26/src/rm_auto_aim/detection/src/yolo_detection.cpp.o[0m
[ 40%] [32mBuilding CXX object CMakeFiles/recive_pkg.dir/home/ubuntu/Ê°åÈù¢/RM26/src/rm_auto_aim/detection/src/traditional_detector.cpp.o[0m
[01m[K/home/ubuntu/Ê°åÈù¢/RM26/src/rm_auto_aim/detection/src/yolo_detection.cpp:[m[K In member function ‚Äò[01m[Kvoid detection::DetectionArmor::run()[m[K‚Äô:
[01m[K/home/ubuntu/Ê°åÈù¢/RM26/src/rm_auto_aim/detection/src/yolo_detection.cpp:192:25:[m[K [01;35m[Kwarning: [m[Kcomparison of integer expressions of different signedness: ‚Äò[01m[Ksize_t[m[K‚Äô {aka ‚Äò[01m[Klong unsigned int[m[K‚Äô} and ‚Äò[01m[Kint[m[K‚Äô [[01;35m[K]8;;https://gcc.gnu.org/onlinedocs/gcc/Warning-Options.html#index-Wsign-compare-Wsign-compare]8;;[m[K]
  192 |         if ([01;35m[Kframe_count == int(cap.get(cv::CAP_PROP_FRAME_COUNT))[m[K)
      |             [01;35m[K~~~~~~~~~~~~^~~~~~~~~~~~~~~~~~~~~~~~~~~~~~~~~~~~~~~~~[m[K
[01m[K/home/ubuntu/Ê°åÈù¢/RM26/src/rm_auto_aim/detection/src/yolo_detection.cpp:[m[K In member function ‚Äò[01m[Kvoid detection::DetectionArmor::infer()[m[K‚Äô:
[01m[K/home/ubuntu/Ê°åÈù¢/RM26/src/rm_auto_aim/detection/src/yolo_detection.cpp:319:43:[m[K [01;35m[Kwarning: [m[Kcomparison of integer expressions of different signedness: ‚Äò[01m[Kint[m[K‚Äô and ‚Äò[01m[Kstd::vector<int>::size_type[m[K‚Äô {aka ‚Äò[01m[Klong unsigned int[m[K‚Äô} [[01;35m[K]8;;https://gcc.gnu.org/onlinedocs/gcc/Warning-Options.html#index-Wsign-compare-Wsign-compare]8;;[m[K]
  319 |     for (int valid_index = 0; [01;35m[Kvalid_index < indices.size()[m[K; ++valid_index)
      |                               [01;35m[K~~~~~~~~~~~~^~~~~~~~~~~~~~~~[m[K
[01m[K/home/ubuntu/Ê°åÈù¢/RM26/src/rm_auto_aim/detection/src/yolo_detection.cpp:[m[K In member function ‚Äò[01m[Kvoid detection::DetectionArmor::drawTracks(cv::Mat&)[m[K‚Äô:
[01m[K/home/ubuntu/Ê°åÈù¢/RM26/src/rm_auto_aim/detection/src/yolo_detection.cpp:367:20:[m[K [01;35m[Kwarning: [m[Kvariable ‚Äò[01m[Kcolor[m[K‚Äô set but not used [[01;35m[K]8;;https://gcc.gnu.org/onlinedocs/gcc/Warning-Options.html#index-Wunused-but-set-variable-Wunused-but-set-variable]8;;[m[K]
  367 |             Scalar [01;35m[Kcolor[m[K = tracker.get_color(track.track_id); // Ëé∑ÂèñË∑üË∏™IDÂØπÂ∫îÁöÑÈ¢úËâ≤
      |                    [01;35m[K^~~~~[m[K
[01m[K/home/ubuntu/Ê°åÈù¢/RM26/src/rm_auto_aim/detection/src/yolo_detection.cpp:370:19:[m[K [01;35m[Kwarning: [m[Kvariable ‚Äò[01m[Ktl[m[K‚Äô set but not used [[01;35m[K]8;;https://gcc.gnu.org/onlinedocs/gcc/Warning-Options.html#index-Wunused-but-set-variable-Wunused-but-set-variable]8;;[m[K]
  370 |             Point [01;35m[Ktl[m[K = Point(tlwh[0], tlwh[1]); // Â∑¶‰∏äËßí   1
      |                   [01;35m[K^~[m[K
[01m[K/home/ubuntu/Ê°åÈù¢/RM26/src/rm_auto_aim/detection/src/yolo_detection.cpp:371:19:[m[K [01;35m[Kwarning: [m[Kvariable ‚Äò[01m[Kbr[m[K‚Äô set but not used [[01;35m[K]8;;https://gcc.gnu.org/onlinedocs/gcc/Warning-Options.html#index-Wunused-but-set-variable-Wunused-but-set-variable]8;;[m[K]
  371 |             Point [01;35m[Kbr[m[K = Point(tlwh[0] + tlwh[2], tlwh[1] + tlwh[3]); // Âè≥‰∏ãËßí  3
      |                   [01;35m[K^~[m[K
[01m[K/home/ubuntu/Ê°åÈù¢/RM26/src/rm_auto_aim/detection/src/yolo_detection.cpp:[m[K In member function ‚Äò[01m[Kvoid detection::DetectionArmor::format_print_data_test()[m[K‚Äô:
[01m[K/home/ubuntu/Ê°åÈù¢/RM26/src/rm_auto_aim/detection/src/yolo_detection.cpp:448:15:[m[K [01;35m[Kwarning: [m[Kvariable ‚Äò[01m[Kd[m[K‚Äô set but not used [[01;35m[K]8;;https://gcc.gnu.org/onlinedocs/gcc/Warning-Options.html#index-Wunused-but-set-variable-Wunused-but-set-variable]8;;[m[K]
  448 |     for (auto [01;35m[Kd[m[K : getdata())
      |               [01;35m[K^[m[K
[ 50%] [32m[1mLinking CXX executable recive_pkg[0m
/usr/bin/ld: CMakeFiles/recive_pkg.dir/home/ubuntu/Ê°åÈù¢/RM26/src/rm_auto_aim/detection/src/yolo_detection.cpp.o: in function `detection::DetectionArmor::run()':
yolo_detection.cpp:(.text+0x2c1f): undefined reference to `detection::DetectionArmor::showImage()'
collect2: error: ld returned 1 exit status
gmake[2]: *** [CMakeFiles/recive_pkg.dir/build.make:311Ôºörecive_pkg] ÈîôËØØ 1
gmake[1]: *** [CMakeFiles/Makefile2:137ÔºöCMakeFiles/recive_pkg.dir/all] ÈîôËØØ 2
gmake: *** [Makefile:146Ôºöall] ÈîôËØØ 2
