[0.012s] Invoking command in '/home/ubuntu/æ¡Œé¢/RM26_ROS2PKG/build/detection': /usr/bin/cmake --build /home/ubuntu/æ¡Œé¢/RM26_ROS2PKG/build/detection -- -j14 -l14
[0.066s] [ 10%] [32mBuilding CXX object CMakeFiles/detection.dir/src/yolo_detection.cpp.o[0m
[1.409s] [01m[K/home/ubuntu/æ¡Œé¢/RM26_ROS2PKG/src/rm_auto_aim/detection/src/yolo_detection.cpp:264:1:[m[K [01;31m[Kerror: [m[Kexpected unqualified-id before â€˜[01m[K/[m[Kâ€™ token
[1.410s]   264 | [01;31m[K/[m[Kç›¸æœºå†…å‚çŸ©é˜µ
[1.410s]       | [01;31m[K^[m[K
[1.410s] [01m[K/home/ubuntu/æ¡Œé¢/RM26_ROS2PKG/src/rm_auto_aim/detection/src/yolo_detection.cpp:274:18:[m[K [01;31m[Kerror: [m[Kâ€˜[01m[Kcam[m[Kâ€™ was not declared in this scope
[1.411s]   274 | PnPSolver solver([01;31m[Kcam[m[K, dist);
[1.411s]       |                  [01;31m[K^~~[m[K
[1.411s] [01m[K/home/ubuntu/æ¡Œé¢/RM26_ROS2PKG/src/rm_auto_aim/detection/src/yolo_detection.cpp:275:13:[m[K [01;31m[Kerror: [m[Kâ€˜[01m[Kcam[m[Kâ€™ was not declared in this scope
[1.411s]   275 | double fx = [01;31m[Kcam[m[K[0];
[1.411s]       |             [01;31m[K^~~[m[K
[1.411s] [01m[K/home/ubuntu/æ¡Œé¢/RM26_ROS2PKG/src/rm_auto_aim/detection/src/yolo_detection.cpp:276:13:[m[K [01;31m[Kerror: [m[Kâ€˜[01m[Kcam[m[Kâ€™ was not declared in this scope
[1.411s]   276 | double fy = [01;31m[Kcam[m[K[4];
[1.411s]       |             [01;31m[K^~~[m[K
[1.835s] gmake[2]: *** [CMakeFiles/detection.dir/build.make:188ï¼šCMakeFiles/detection.dir/src/yolo_detection.cpp.o] é”™è¯¯ 1
[1.837s] gmake[1]: *** [CMakeFiles/Makefile2:83ï¼šCMakeFiles/detection.dir/all] é”™è¯¯ 2
[1.838s] gmake: *** [Makefile:91ï¼šall] é”™è¯¯ 2
[1.842s] Invoked command in '/home/ubuntu/æ¡Œé¢/RM26_ROS2PKG/build/detection' returned '2': /usr/bin/cmake --build /home/ubuntu/æ¡Œé¢/RM26_ROS2PKG/build/detection -- -j14 -l14
