[01m[K/home/ubuntu/æ¡Œé¢/RM26/src/recive_pkg/src/image_subscirber_node.cpp:[m[K In member function â€˜[01m[Kvoid armor_detection::ImageSubscriber::imageCallback(sensor_msgs::msg::Image_<std::allocator<void> >::SharedPtr)[m[Kâ€™:
[01m[K/home/ubuntu/æ¡Œé¢/RM26/src/recive_pkg/src/image_subscirber_node.cpp:80:52:[m[K [01;31m[Kerror: [m[Kâ€˜[01m[Kdetection::ArmorData[m[Kâ€™ {aka â€˜[01m[Kstruct detection::ArmorData[m[Kâ€™} has no member named â€˜[01m[Ka_params[m[Kâ€™
   80 |                 const auto & armor_params = target.[01;31m[Ka_params[m[K;
      |                                                    [01;31m[K^~~~~~~~[m[K
In file included from [01m[K/opt/ros/humble/include/rclcpp/rclcpp/logging.hpp:24[m[K,
                 from [01m[K/opt/ros/humble/include/rclcpp/rclcpp/client.hpp:40[m[K,
                 from [01m[K/opt/ros/humble/include/rclcpp/rclcpp/callback_group.hpp:24[m[K,
                 from [01m[K/opt/ros/humble/include/rclcpp/rclcpp/any_executable.hpp:20[m[K,
                 from [01m[K/opt/ros/humble/include/rclcpp/rclcpp/memory_strategy.hpp:25[m[K,
                 from [01m[K/opt/ros/humble/include/rclcpp/rclcpp/memory_strategies.hpp:18[m[K,
                 from [01m[K/opt/ros/humble/include/rclcpp/rclcpp/executor_options.hpp:20[m[K,
                 from [01m[K/opt/ros/humble/include/rclcpp/rclcpp/executor.hpp:37[m[K,
                 from [01m[K/opt/ros/humble/include/rclcpp/rclcpp/executors/multi_threaded_executor.hpp:25[m[K,
                 from [01m[K/opt/ros/humble/include/rclcpp/rclcpp/executors.hpp:21[m[K,
                 from [01m[K/opt/ros/humble/include/rclcpp/rclcpp/rclcpp.hpp:155[m[K,
                 from [01m[K/home/ubuntu/æ¡Œé¢/RM26/src/recive_pkg/include/recive_pkg/image_subscriber_node.hpp:3[m[K,
                 from [01m[K/home/ubuntu/æ¡Œé¢/RM26/src/recive_pkg/src/image_subscirber_node.cpp:1[m[K:
[01m[K/home/ubuntu/æ¡Œé¢/RM26/src/recive_pkg/src/image_subscirber_node.cpp:81:17:[m[K [01;31m[Kerror: [m[Kexpected primary-expression before â€˜[01m[K)[m[Kâ€™ token
   81 |                 [01;31m[KRCLCPP_INFO[m[K(this->get_logger(),
      |                 [01;31m[K^~~~~~~~~~~[m[K
gmake[2]: *** [CMakeFiles/recive_pkg.dir/build.make:76ï¼šCMakeFiles/recive_pkg.dir/src/image_subscirber_node.cpp.o] é”™è¯¯ 1
gmake[1]: *** [CMakeFiles/Makefile2:137ï¼šCMakeFiles/recive_pkg.dir/all] é”™è¯¯ 2
gmake: *** [Makefile:146ï¼šall] é”™è¯¯ 2
