[0.026s] Invoking command in '/home/ubuntu/æ¡Œé¢/RM26/build/detection': /usr/bin/cmake --build /home/ubuntu/æ¡Œé¢/RM26/build/detection -- -j14 -l14
[0.060s] [35m[1mConsolidate compiler generated dependencies of target detection[0m
[0.083s] [ 11%] [32mBuilding CXX object CMakeFiles/detection.dir/src/yolo_detection.cpp.o[0m
[1.429s] [01m[K/home/ubuntu/æ¡Œé¢/RM26/src/rm_auto_aim/detection/src/yolo_detection.cpp:[m[K In constructor â€˜[01m[Kdetection::DetectionArmor::DetectionArmor(std::string&, bool, std::string)[m[Kâ€™:
[1.429s] [01m[K/home/ubuntu/æ¡Œé¢/RM26/src/rm_auto_aim/detection/src/yolo_detection.cpp:46:76:[m[K [01;31m[Kerror: [m[Kexpected â€˜[01m[K}[m[Kâ€™ before â€˜[01m[K:[m[Kâ€™ token
[1.430s]    46 |     compiled = core.compile_model(network, "CPU", [32m[K{[m[K"CPU_THROUGHPUT_STREAMS"[01;31m[K:[m[K "AUTO"}, config);
[1.430s]       |                                                   [32m[K~[m[K                        [01;31m[K^[m[K
[1.430s] [01m[K/home/ubuntu/æ¡Œé¢/RM26/src/rm_auto_aim/detection/src/yolo_detection.cpp:46:76:[m[K [01;31m[Kerror: [m[Kexpected â€˜[01m[K)[m[Kâ€™ before â€˜[01m[K:[m[Kâ€™ token
[1.430s]    46 |     compiled = core.compile_model[34m[K([m[Knetwork, "CPU", {"CPU_THROUGHPUT_STREAMS"[01;31m[K:[m[K "AUTO"}, config);
[1.430s]       |                                  [34m[K~[m[K                                         [01;31m[K^[m[K
[1.430s]       |                                                                            [32m[K)[m[K
[1.430s] [01m[K/home/ubuntu/æ¡Œé¢/RM26/src/rm_auto_aim/detection/src/yolo_detection.cpp:[m[K At global scope:
[1.430s] [01m[K/home/ubuntu/æ¡Œé¢/RM26/src/rm_auto_aim/detection/src/yolo_detection.cpp:46:85:[m[K [01;31m[Kerror: [m[Kmixing declarations and function-definitions is forbidden
[1.430s]    46 |     compiled = core.compile_model(network, "CPU", {"CPU_THROUGHPUT_STREAMS": "AUTO"}[01;31m[K,[m[K config);
[1.430s]       |                                                                                     [01;31m[K^[m[K
[1.430s] [01m[K/home/ubuntu/æ¡Œé¢/RM26/src/rm_auto_aim/detection/src/yolo_detection.cpp:46:93:[m[K [01;31m[Kerror: [m[Kexpected constructor, destructor, or type conversion before â€˜[01m[K)[m[Kâ€™ token
[1.430s]    46 |     compiled = core.compile_model(network, "CPU", {"CPU_THROUGHPUT_STREAMS": "AUTO"}, config[01;31m[K)[m[K;
[1.432s]       |                                                                                             [01;31m[K^[m[K
[1.432s] [01m[K/home/ubuntu/æ¡Œé¢/RM26/src/rm_auto_aim/detection/src/yolo_detection.cpp:47:5:[m[K [01;31m[Kerror: [m[Kâ€˜[01m[Kinfer_request[m[Kâ€™ does not name a type
[1.432s]    47 |     [01;31m[Kinfer_request[m[K = compiled.create_infer_request();
[1.432s]       |     [01;31m[K^~~~~~~~~~~~~[m[K
[1.432s] [01m[K/home/ubuntu/æ¡Œé¢/RM26/src/rm_auto_aim/detection/src/yolo_detection.cpp:48:5:[m[K [01;31m[Kerror: [m[Kâ€˜[01m[Kinput_port[m[Kâ€™ does not name a type
[1.432s]    48 |     [01;31m[Kinput_port[m[K = compiled.input();
[1.432s]       |     [01;31m[K^~~~~~~~~~[m[K
[1.432s] [01m[K/home/ubuntu/æ¡Œé¢/RM26/src/rm_auto_aim/detection/src/yolo_detection.cpp:50:5:[m[K [01;31m[Kerror: [m[Kâ€˜[01m[Kinput_blob[m[Kâ€™ does not name a type
[1.432s]    50 |     [01;31m[Kinput_blob[m[K = Mat(640, 640, CV_32F, Scalar(0)); // åˆå§‹åŒ–è¾“å…¥blob
[1.432s]       |     [01;31m[K^~~~~~~~~~[m[K
[1.432s] [01m[K/home/ubuntu/æ¡Œé¢/RM26/src/rm_auto_aim/detection/src/yolo_detection.cpp:55:1:[m[K [01;31m[Kerror: [m[Kexpected declaration before â€˜[01m[K}[m[Kâ€™ token
[1.432s]    55 | [01;31m[K}[m[K
[1.432s]       | [01;31m[K^[m[K
[1.861s] gmake[2]: *** [CMakeFiles/detection.dir/build.make:174ï¼šCMakeFiles/detection.dir/src/yolo_detection.cpp.o] é”™è¯¯ 1
[1.862s] gmake[1]: *** [CMakeFiles/Makefile2:83ï¼šCMakeFiles/detection.dir/all] é”™è¯¯ 2
[1.862s] gmake: *** [Makefile:91ï¼šall] é”™è¯¯ 2
[1.864s] Invoked command in '/home/ubuntu/æ¡Œé¢/RM26/build/detection' returned '2': /usr/bin/cmake --build /home/ubuntu/æ¡Œé¢/RM26/build/detection -- -j14 -l14
