[0.008s] Invoking command in '/home/ubuntu/æ¡Œé¢/RM26/build/detection': /usr/bin/cmake --build /home/ubuntu/æ¡Œé¢/RM26/build/detection -- -j14 -l14
[0.063s] [ 11%] [32mBuilding CXX object CMakeFiles/detection.dir/src/yolo_detection.cpp.o[0m
[1.303s] [01m[K/home/ubuntu/æ¡Œé¢/RM26/src/rm_auto_aim/detection/src/yolo_detection.cpp:[m[K In constructor â€˜[01m[Kdetection::DetectionArmor::DetectionArmor(std::string&, bool, std::string)[m[Kâ€™:
[1.303s] [01m[K/home/ubuntu/æ¡Œé¢/RM26/src/rm_auto_aim/detection/src/yolo_detection.cpp:39:9:[m[K [01;31m[Kerror: [m[Kexpected â€˜[01m[K}[m[Kâ€™ before â€˜[01m[K{[m[Kâ€™ token
[1.303s]    39 |         [01;31m[K{[m[Kov::num_streams(1)}, // å…è®¸åŒæ—¶æ‰§è¡Œ1ä¸ªæ¨ç†æµ
[1.303s]       |         [01;31m[K^[m[K
[1.303s] [01m[K/home/ubuntu/æ¡Œé¢/RM26/src/rm_auto_aim/detection/src/yolo_detection.cpp:36:25:[m[K [01;36m[Knote: [m[Kto match this â€˜[01m[K{[m[Kâ€™
[1.303s]    36 |     ov::AnyMap config = [01;36m[K{[m[K
[1.303s]       |                         [01;36m[K^[m[K
[1.303s] [01m[K/home/ubuntu/æ¡Œé¢/RM26/src/rm_auto_aim/detection/src/yolo_detection.cpp:39:9:[m[K [01;31m[Kerror: [m[Kexpected â€˜[01m[K,[m[Kâ€™ or â€˜[01m[K;[m[Kâ€™ before â€˜[01m[K{[m[Kâ€™ token
[1.303s]    39 |         [01;31m[K{[m[Kov::num_streams(1)}, // å…è®¸åŒæ—¶æ‰§è¡Œ1ä¸ªæ¨ç†æµ
[1.303s]       |         [01;31m[K^[m[K
[1.303s] [01m[K/home/ubuntu/æ¡Œé¢/RM26/src/rm_auto_aim/detection/src/yolo_detection.cpp:39:29:[m[K [01;31m[Kerror: [m[Kexpected primary-expression before â€˜[01m[K,[m[Kâ€™ token
[1.306s]    39 |         {ov::num_streams(1)}[01;31m[K,[m[K // å…è®¸åŒæ—¶æ‰§è¡Œ1ä¸ªæ¨ç†æµ
[1.306s]       |                             [01;31m[K^[m[K
[1.306s] [01m[K/home/ubuntu/æ¡Œé¢/RM26/src/rm_auto_aim/detection/src/yolo_detection.cpp:40:9:[m[K [01;31m[Kerror: [m[Kexpected primary-expression before â€˜[01m[K{[m[Kâ€™ token
[1.306s]    40 |         [01;31m[K{[m[Kov::hint::scheduling_core_type(ov::hint::SchedulingCoreType::PCORE_ONLY)}, // æ€§èƒ½æ ¸å¿ƒç»‘å®š
[1.306s]       |         [01;31m[K^[m[K
[1.306s] [01m[K/home/ubuntu/æ¡Œé¢/RM26/src/rm_auto_aim/detection/src/yolo_detection.cpp:40:83:[m[K [01;31m[Kerror: [m[Kexpected primary-expression before â€˜[01m[K,[m[Kâ€™ token
[1.306s]    40 | eduling_core_type(ov::hint::SchedulingCoreType::PCORE_ONLY)}[01;31m[K,[m[K // æ€§èƒ½æ ¸å¿ƒç»‘å®š
[1.306s]       |                                                             [01;31m[K^[m[K
[1.307s] 
[1.307s] [01m[K/home/ubuntu/æ¡Œé¢/RM26/src/rm_auto_aim/detection/src/yolo_detection.cpp:41:9:[m[K [01;31m[Kerror: [m[Kexpected primary-expression before â€˜[01m[K{[m[Kâ€™ token
[1.307s]    41 |         [01;31m[K{[m[Kov::hint::enable_hyper_threading(false)}, // å…³é—­è¶…çº¿ç¨‹
[1.307s]       |         [01;31m[K^[m[K
[1.307s] [01m[K/home/ubuntu/æ¡Œé¢/RM26/src/rm_auto_aim/detection/src/yolo_detection.cpp:41:50:[m[K [01;31m[Kerror: [m[Kexpected primary-expression before â€˜[01m[K,[m[Kâ€™ token
[1.307s]    41 |         {ov::hint::enable_hyper_threading(false)}[01;31m[K,[m[K // å…³é—­è¶…çº¿ç¨‹
[1.307s]       |                                                  [01;31m[K^[m[K
[1.307s] [01m[K/home/ubuntu/æ¡Œé¢/RM26/src/rm_auto_aim/detection/src/yolo_detection.cpp:42:9:[m[K [01;31m[Kerror: [m[Kexpected primary-expression before â€˜[01m[K{[m[Kâ€™ token
[1.307s]    42 |         [01;31m[K{[m[Kov::hint::enable_cpu_pinning(false)} // å…³é—­CPUå›ºå®š
[1.308s]       |         [01;31m[K^[m[K
[1.308s] [01m[K/home/ubuntu/æ¡Œé¢/RM26/src/rm_auto_aim/detection/src/yolo_detection.cpp:[m[K At global scope:
[1.308s] [01m[K/home/ubuntu/æ¡Œé¢/RM26/src/rm_auto_aim/detection/src/yolo_detection.cpp:45:20:[m[K [01;31m[Kerror: [m[Kâ€˜[01m[Kcore[m[Kâ€™ was not declared in this scope
[1.308s]    45 |     auto network = [01;31m[Kcore[m[K.read_model(model_path);
[1.311s]       |                    [01;31m[K^~~~[m[K
[1.312s] [01m[K/home/ubuntu/æ¡Œé¢/RM26/src/rm_auto_aim/detection/src/yolo_detection.cpp:45:36:[m[K [01;31m[Kerror: [m[Kâ€˜[01m[Kmodel_path[m[Kâ€™ was not declared in this scope; did you mean â€˜[01m[Kmode_t[m[Kâ€™?
[1.312s]    45 |     auto network = core.read_model([01;31m[Kmodel_path[m[K);
[1.312s]       |                                    [01;31m[K^~~~~~~~~~[m[K
[1.312s]       |                                    [32m[Kmode_t[m[K
[1.312s] [01m[K/home/ubuntu/æ¡Œé¢/RM26/src/rm_auto_aim/detection/src/yolo_detection.cpp:46:5:[m[K [01;31m[Kerror: [m[Kâ€˜[01m[Kcompiled[m[Kâ€™ does not name a type
[1.312s]    46 |     [01;31m[Kcompiled[m[K = core.compile_model(network, "CPU", config);
[1.312s]       |     [01;31m[K^~~~~~~~[m[K
[1.312s] [01m[K/home/ubuntu/æ¡Œé¢/RM26/src/rm_auto_aim/detection/src/yolo_detection.cpp:47:5:[m[K [01;31m[Kerror: [m[Kâ€˜[01m[Kinfer_request[m[Kâ€™ does not name a type
[1.312s]    47 |     [01;31m[Kinfer_request[m[K = compiled.create_infer_request();
[1.312s]       |     [01;31m[K^~~~~~~~~~~~~[m[K
[1.312s] [01m[K/home/ubuntu/æ¡Œé¢/RM26/src/rm_auto_aim/detection/src/yolo_detection.cpp:48:5:[m[K [01;31m[Kerror: [m[Kâ€˜[01m[Kinput_port[m[Kâ€™ does not name a type
[1.312s]    48 |     [01;31m[Kinput_port[m[K = compiled.input();
[1.312s]       |     [01;31m[K^~~~~~~~~~[m[K
[1.312s] [01m[K/home/ubuntu/æ¡Œé¢/RM26/src/rm_auto_aim/detection/src/yolo_detection.cpp:50:5:[m[K [01;31m[Kerror: [m[Kâ€˜[01m[Kinput_blob[m[Kâ€™ does not name a type
[1.312s]    50 |     [01;31m[Kinput_blob[m[K = Mat(640, 640, CV_32F, Scalar(0)); // åˆå§‹åŒ–è¾“å…¥blob
[1.312s]       |     [01;31m[K^~~~~~~~~~[m[K
[1.312s] [01m[K/home/ubuntu/æ¡Œé¢/RM26/src/rm_auto_aim/detection/src/yolo_detection.cpp:55:1:[m[K [01;31m[Kerror: [m[Kexpected declaration before â€˜[01m[K}[m[Kâ€™ token
[1.312s]    55 | [01;31m[K}[m[K
[1.313s]       | [01;31m[K^[m[K
[1.717s] gmake[2]: *** [CMakeFiles/detection.dir/build.make:174ï¼šCMakeFiles/detection.dir/src/yolo_detection.cpp.o] é”™è¯¯ 1
[1.718s] gmake[1]: *** [CMakeFiles/Makefile2:83ï¼šCMakeFiles/detection.dir/all] é”™è¯¯ 2
[1.718s] gmake: *** [Makefile:91ï¼šall] é”™è¯¯ 2
[1.720s] Invoked command in '/home/ubuntu/æ¡Œé¢/RM26/build/detection' returned '2': /usr/bin/cmake --build /home/ubuntu/æ¡Œé¢/RM26/build/detection -- -j14 -l14
