[0.014s] Invoking command in '/home/ubuntu/æ¡Œé¢/RM26/build/recive_pkg': CMAKE_PREFIX_PATH=/opt/ros/humble /usr/bin/cmake --build /home/ubuntu/æ¡Œé¢/RM26/build/recive_pkg -- -j14 -l14
[0.074s] [ 10%] [32mBuilding CXX object CMakeFiles/recive_pkg.dir/home/ubuntu/æ¡Œé¢/RM26/src/rm_auto_aim/detection/src/yolo_detection.cpp.o[0m
[1.372s] [01m[K/home/ubuntu/æ¡Œé¢/RM26/src/rm_auto_aim/detection/src/yolo_detection.cpp:[m[K In constructor â€˜[01m[Kdetection::DetectionArmor::DetectionArmor(std::string&, bool, std::string)[m[Kâ€™:
[1.373s] [01m[K/home/ubuntu/æ¡Œé¢/RM26/src/rm_auto_aim/detection/src/yolo_detection.cpp:39:9:[m[K [01;31m[Kerror: [m[Kexpected â€˜[01m[K}[m[Kâ€™ before â€˜[01m[K{[m[Kâ€™ token
[1.373s]    39 |         [01;31m[K{[m[Kov::num_streams(1)}, // å…è®¸åŒæ—¶æ‰§è¡Œ1ä¸ªæ¨ç†æµ
[1.373s]       |         [01;31m[K^[m[K
[1.373s] [01m[K/home/ubuntu/æ¡Œé¢/RM26/src/rm_auto_aim/detection/src/yolo_detection.cpp:36:25:[m[K [01;36m[Knote: [m[Kto match this â€˜[01m[K{[m[Kâ€™
[1.373s]    36 |     ov::AnyMap config = [01;36m[K{[m[K
[1.373s]       |                         [01;36m[K^[m[K
[1.374s] [01m[K/home/ubuntu/æ¡Œé¢/RM26/src/rm_auto_aim/detection/src/yolo_detection.cpp:39:9:[m[K [01;31m[Kerror: [m[Kexpected â€˜[01m[K,[m[Kâ€™ or â€˜[01m[K;[m[Kâ€™ before â€˜[01m[K{[m[Kâ€™ token
[1.374s]    39 |         [01;31m[K{[m[Kov::num_streams(1)}, // å…è®¸åŒæ—¶æ‰§è¡Œ1ä¸ªæ¨ç†æµ
[1.374s]       |         [01;31m[K^[m[K
[1.374s] [01m[K/home/ubuntu/æ¡Œé¢/RM26/src/rm_auto_aim/detection/src/yolo_detection.cpp:39:29:[m[K [01;31m[Kerror: [m[Kexpected primary-expression before â€˜[01m[K,[m[Kâ€™ token
[1.374s]    39 |         {ov::num_streams(1)}[01;31m[K,[m[K // å…è®¸åŒæ—¶æ‰§è¡Œ1ä¸ªæ¨ç†æµ
[1.374s]       |                             [01;31m[K^[m[K
[1.374s] [01m[K/home/ubuntu/æ¡Œé¢/RM26/src/rm_auto_aim/detection/src/yolo_detection.cpp:40:9:[m[K [01;31m[Kerror: [m[Kexpected primary-expression before â€˜[01m[K{[m[Kâ€™ token
[1.374s]    40 |         [01;31m[K{[m[Kov::hint::scheduling_core_type(ov::hint::SchedulingCoreType::PCORE_ONLY)}, // æ€§èƒ½æ ¸å¿ƒç»‘å®š
[1.374s]       |         [01;31m[K^[m[K
[1.374s] [01m[K/home/ubuntu/æ¡Œé¢/RM26/src/rm_auto_aim/detection/src/yolo_detection.cpp:40:83:[m[K [01;31m[Kerror: [m[Kexpected primary-expression before â€˜[01m[K,[m[Kâ€™ token
[1.374s]    40 | eduling_core_type(ov::hint::SchedulingCoreType::PCORE_ONLY)}[01;31m[K,[m[K // æ€§èƒ½æ ¸å¿ƒç»‘å®š
[1.374s]       |                                                             [01;31m[K^[m[K
[1.374s] 
[1.374s] [01m[K/home/ubuntu/æ¡Œé¢/RM26/src/rm_auto_aim/detection/src/yolo_detection.cpp:41:9:[m[K [01;31m[Kerror: [m[Kexpected primary-expression before â€˜[01m[K{[m[Kâ€™ token
[1.374s]    41 |         [01;31m[K{[m[Kov::hint::enable_hyper_threading(false)}, // å…³é—­è¶…çº¿ç¨‹
[1.374s]       |         [01;31m[K^[m[K
[1.375s] [01m[K/home/ubuntu/æ¡Œé¢/RM26/src/rm_auto_aim/detection/src/yolo_detection.cpp:41:50:[m[K [01;31m[Kerror: [m[Kexpected primary-expression before â€˜[01m[K,[m[Kâ€™ token
[1.375s]    41 |         {ov::hint::enable_hyper_threading(false)}[01;31m[K,[m[K // å…³é—­è¶…çº¿ç¨‹
[1.375s]       |                                                  [01;31m[K^[m[K
[1.375s] [01m[K/home/ubuntu/æ¡Œé¢/RM26/src/rm_auto_aim/detection/src/yolo_detection.cpp:42:9:[m[K [01;31m[Kerror: [m[Kexpected primary-expression before â€˜[01m[K{[m[Kâ€™ token
[1.375s]    42 |         [01;31m[K{[m[Kov::hint::enable_cpu_pinning(false)} // å…³é—­CPUå›ºå®š
[1.375s]       |         [01;31m[K^[m[K
[1.375s] [01m[K/home/ubuntu/æ¡Œé¢/RM26/src/rm_auto_aim/detection/src/yolo_detection.cpp:31:40:[m[K [01;35m[Kwarning: [m[Kunused parameter â€˜[01m[Kmodel_path[m[Kâ€™ [[01;35m[K]8;;https://gcc.gnu.org/onlinedocs/gcc/Warning-Options.html#index-Wunused-parameter-Wunused-parameter]8;;[m[K]
[1.375s]    31 | DetectionArmor::DetectionArmor([01;35m[Kstring& model_path[m[K, bool ifcountTime, string video_path)
[1.375s]       |                                [01;35m[K~~~~~~~~^~~~~~~~~~[m[K
[1.378s] [01m[K/home/ubuntu/æ¡Œé¢/RM26/src/rm_auto_aim/detection/src/yolo_detection.cpp:[m[K At global scope:
[1.378s] [01m[K/home/ubuntu/æ¡Œé¢/RM26/src/rm_auto_aim/detection/src/yolo_detection.cpp:45:20:[m[K [01;31m[Kerror: [m[Kâ€˜[01m[Kcore[m[Kâ€™ was not declared in this scope
[1.378s]    45 |     auto network = [01;31m[Kcore[m[K.read_model(model_path);
[1.378s]       |                    [01;31m[K^~~~[m[K
[1.378s] [01m[K/home/ubuntu/æ¡Œé¢/RM26/src/rm_auto_aim/detection/src/yolo_detection.cpp:45:36:[m[K [01;31m[Kerror: [m[Kâ€˜[01m[Kmodel_path[m[Kâ€™ was not declared in this scope; did you mean â€˜[01m[Kmode_t[m[Kâ€™?
[1.378s]    45 |     auto network = core.read_model([01;31m[Kmodel_path[m[K);
[1.378s]       |                                    [01;31m[K^~~~~~~~~~[m[K
[1.378s]       |                                    [32m[Kmode_t[m[K
[1.382s] [01m[K/home/ubuntu/æ¡Œé¢/RM26/src/rm_auto_aim/detection/src/yolo_detection.cpp:46:5:[m[K [01;31m[Kerror: [m[Kâ€˜[01m[Kcompiled[m[Kâ€™ does not name a type
[1.382s]    46 |     [01;31m[Kcompiled[m[K = core.compile_model(network, "CPU", config);
[1.382s]       |     [01;31m[K^~~~~~~~[m[K
[1.382s] [01m[K/home/ubuntu/æ¡Œé¢/RM26/src/rm_auto_aim/detection/src/yolo_detection.cpp:47:5:[m[K [01;31m[Kerror: [m[Kâ€˜[01m[Kinfer_request[m[Kâ€™ does not name a type
[1.382s]    47 |     [01;31m[Kinfer_request[m[K = compiled.create_infer_request();
[1.382s]       |     [01;31m[K^~~~~~~~~~~~~[m[K
[1.382s] [01m[K/home/ubuntu/æ¡Œé¢/RM26/src/rm_auto_aim/detection/src/yolo_detection.cpp:48:5:[m[K [01;31m[Kerror: [m[Kâ€˜[01m[Kinput_port[m[Kâ€™ does not name a type
[1.382s]    48 |     [01;31m[Kinput_port[m[K = compiled.input();
[1.382s]       |     [01;31m[K^~~~~~~~~~[m[K
[1.382s] [01m[K/home/ubuntu/æ¡Œé¢/RM26/src/rm_auto_aim/detection/src/yolo_detection.cpp:50:5:[m[K [01;31m[Kerror: [m[Kâ€˜[01m[Kinput_blob[m[Kâ€™ does not name a type
[1.382s]    50 |     [01;31m[Kinput_blob[m[K = Mat(640, 640, CV_32F, Scalar(0)); // åˆå§‹åŒ–è¾“å…¥blob
[1.382s]       |     [01;31m[K^~~~~~~~~~[m[K
[1.383s] [01m[K/home/ubuntu/æ¡Œé¢/RM26/src/rm_auto_aim/detection/src/yolo_detection.cpp:55:1:[m[K [01;31m[Kerror: [m[Kexpected declaration before â€˜[01m[K}[m[Kâ€™ token
[1.383s]    55 | [01;31m[K}[m[K
[1.383s]       | [01;31m[K^[m[K
[1.388s] [01m[K/home/ubuntu/æ¡Œé¢/RM26/src/rm_auto_aim/detection/src/yolo_detection.cpp:[m[K In member function â€˜[01m[Kvoid detection::DetectionArmor::run()[m[Kâ€™:
[1.388s] [01m[K/home/ubuntu/æ¡Œé¢/RM26/src/rm_auto_aim/detection/src/yolo_detection.cpp:192:25:[m[K [01;35m[Kwarning: [m[Kcomparison of integer expressions of different signedness: â€˜[01m[Ksize_t[m[Kâ€™ {aka â€˜[01m[Klong unsigned int[m[Kâ€™} and â€˜[01m[Kint[m[Kâ€™ [[01;35m[K]8;;https://gcc.gnu.org/onlinedocs/gcc/Warning-Options.html#index-Wsign-compare-Wsign-compare]8;;[m[K]
[1.388s]   192 |         if ([01;35m[Kframe_count == int(cap.get(cv::CAP_PROP_FRAME_COUNT))[m[K)
[1.388s]       |             [01;35m[K~~~~~~~~~~~~^~~~~~~~~~~~~~~~~~~~~~~~~~~~~~~~~~~~~~~~~[m[K
[1.798s] gmake[2]: *** [CMakeFiles/recive_pkg.dir/build.make:104ï¼šCMakeFiles/recive_pkg.dir/home/ubuntu/æ¡Œé¢/RM26/src/rm_auto_aim/detection/src/yolo_detection.cpp.o] é”™è¯¯ 1
[1.799s] gmake[1]: *** [CMakeFiles/Makefile2:137ï¼šCMakeFiles/recive_pkg.dir/all] é”™è¯¯ 2
[1.799s] gmake: *** [Makefile:146ï¼šall] é”™è¯¯ 2
