[0.025s] Invoking command in '/home/ubuntu/æ¡Œé¢/RM26_ROS2PKG/build/recive_pkg': CMAKE_PREFIX_PATH=/opt/ros/humble /usr/bin/cmake --build /home/ubuntu/æ¡Œé¢/RM26_ROS2PKG/build/recive_pkg -- -j14 -l14
[0.049s] -- Found ament_cmake: 1.3.12 (/opt/ros/humble/share/ament_cmake/cmake)
[0.139s] -- Found rclcpp: 16.0.14 (/opt/ros/humble/share/rclcpp/cmake)
[0.157s] -- Found rosidl_generator_c: 3.1.7 (/opt/ros/humble/share/rosidl_generator_c/cmake)
[0.157s] -- Found rosidl_adapter: 3.1.7 (/opt/ros/humble/share/rosidl_adapter/cmake)
[0.161s] -- Found rosidl_generator_cpp: 3.1.7 (/opt/ros/humble/share/rosidl_generator_cpp/cmake)
[0.167s] -- Using all available rosidl_typesupport_c: rosidl_typesupport_fastrtps_c;rosidl_typesupport_introspection_c
[0.178s] -- Using all available rosidl_typesupport_cpp: rosidl_typesupport_fastrtps_cpp;rosidl_typesupport_introspection_cpp
[0.195s] -- Found rmw_implementation_cmake: 6.1.2 (/opt/ros/humble/share/rmw_implementation_cmake/cmake)
[0.196s] -- Found rmw_fastrtps_cpp: 6.2.8 (/opt/ros/humble/share/rmw_fastrtps_cpp/cmake)
[0.250s] -- Using RMW implementation 'rmw_fastrtps_cpp' as default
[0.272s] -- Found sensor_msgs: 4.9.0 (/opt/ros/humble/share/sensor_msgs/cmake)
[0.288s] -- Found cv_bridge: 3.2.1 (/opt/ros/humble/share/cv_bridge/cmake)
[0.290s] -- Found ament_lint_auto: 0.12.14 (/opt/ros/humble/share/ament_lint_auto/cmake)
[0.326s] -- Added test 'cppcheck' to perform static code analysis on C / C++ code
[0.328s] -- Configured cppcheck include dirs: /home/ubuntu/æ¡Œé¢/RM26_ROS2PKG/src/recive_pkg/include
[0.329s] -- Configured cppcheck exclude dirs and/or files: 
[0.329s] -- Added test 'lint_cmake' to check CMake code style
[0.329s] -- Added test 'uncrustify' to check C / C++ code style
[0.329s] -- Configured uncrustify additional arguments: 
[0.329s] -- Added test 'xmllint' to check XML markup files
[0.330s] -- Configuring done
[0.336s] -- Generating done
[0.338s] -- Build files have been written to: /home/ubuntu/æ¡Œé¢/RM26_ROS2PKG/build/recive_pkg
[0.361s] [35m[1mConsolidate compiler generated dependencies of target recive_pkg[0m
[0.391s] [  9%] [32mBuilding CXX object CMakeFiles/recive_pkg.dir/src/image_subscirber_node.cpp.o[0m
[0.394s] [ 18%] [32mBuilding CXX object CMakeFiles/recive_pkg.dir/home/ubuntu/æ¡Œé¢/RM26_ROS2PKG/src/rm_auto_aim/detection/src/yolo_detection.cpp.o[0m
[0.394s] [ 27%] [32mBuilding CXX object CMakeFiles/recive_pkg.dir/main.cpp.o[0m
[0.399s] [ 36%] [32mBuilding CXX object CMakeFiles/recive_pkg.dir/home/ubuntu/æ¡Œé¢/RM26_ROS2PKG/src/rm_auto_aim/detection/src/traditional_detector.cpp.o[0m
[0.399s] [ 45%] [32mBuilding CXX object CMakeFiles/recive_pkg.dir/home/ubuntu/æ¡Œé¢/RM26_ROS2PKG/src/rm_auto_aim/detection/src/pnp.cpp.o[0m
[1.784s] [01m[K/home/ubuntu/æ¡Œé¢/RM26_ROS2PKG/src/rm_auto_aim/detection/src/yolo_detection.cpp:[m[K In member function â€˜[01m[Kvoid detection::DetectionArmor::run()[m[Kâ€™:
[1.784s] [01m[K/home/ubuntu/æ¡Œé¢/RM26_ROS2PKG/src/rm_auto_aim/detection/src/yolo_detection.cpp:207:25:[m[K [01;35m[Kwarning: [m[Kcomparison of integer expressions of different signedness: â€˜[01m[Ksize_t[m[Kâ€™ {aka â€˜[01m[Klong unsigned int[m[Kâ€™} and â€˜[01m[Kint[m[Kâ€™ [[01;35m[K]8;;https://gcc.gnu.org/onlinedocs/gcc/Warning-Options.html#index-Wsign-compare-Wsign-compare]8;;[m[K]
[1.784s]   207 |         if ([01;35m[Kframe_count == int(cap.get(cv::CAP_PROP_FRAME_COUNT))[m[K)
[1.784s]       |             [01;35m[K~~~~~~~~~~~~^~~~~~~~~~~~~~~~~~~~~~~~~~~~~~~~~~~~~~~~~[m[K
[1.792s] [01m[K/home/ubuntu/æ¡Œé¢/RM26_ROS2PKG/src/rm_auto_aim/detection/src/yolo_detection.cpp:[m[K In member function â€˜[01m[Kvoid detection::DetectionArmor::drawTracks(cv::Mat&)[m[Kâ€™:
[1.792s] [01m[K/home/ubuntu/æ¡Œé¢/RM26_ROS2PKG/src/rm_auto_aim/detection/src/yolo_detection.cpp:382:20:[m[K [01;35m[Kwarning: [m[Kvariable â€˜[01m[Kcolor[m[Kâ€™ set but not used [[01;35m[K]8;;https://gcc.gnu.org/onlinedocs/gcc/Warning-Options.html#index-Wunused-but-set-variable-Wunused-but-set-variable]8;;[m[K]
[1.792s]   382 |             Scalar [01;35m[Kcolor[m[K = tracker.get_color(track.track_id); // è·å–è·Ÿè¸ªIDå¯¹åº”çš„é¢œè‰²
[1.792s]       |                    [01;35m[K^~~~~[m[K
[1.792s] [01m[K/home/ubuntu/æ¡Œé¢/RM26_ROS2PKG/src/rm_auto_aim/detection/src/yolo_detection.cpp:385:19:[m[K [01;35m[Kwarning: [m[Kvariable â€˜[01m[Ktl[m[Kâ€™ set but not used [[01;35m[K]8;;https://gcc.gnu.org/onlinedocs/gcc/Warning-Options.html#index-Wunused-but-set-variable-Wunused-but-set-variable]8;;[m[K]
[1.792s]   385 |             Point [01;35m[Ktl[m[K = Point(tlwh[0], tlwh[1]); // å·¦ä¸Šè§’   1
[1.792s]       |                   [01;35m[K^~[m[K
[1.792s] [01m[K/home/ubuntu/æ¡Œé¢/RM26_ROS2PKG/src/rm_auto_aim/detection/src/yolo_detection.cpp:386:19:[m[K [01;35m[Kwarning: [m[Kvariable â€˜[01m[Kbr[m[Kâ€™ set but not used [[01;35m[K]8;;https://gcc.gnu.org/onlinedocs/gcc/Warning-Options.html#index-Wunused-but-set-variable-Wunused-but-set-variable]8;;[m[K]
[1.792s]   386 |             Point [01;35m[Kbr[m[K = Point(tlwh[0] + tlwh[2], tlwh[1] + tlwh[3]); // å³ä¸‹è§’  3
[1.792s]       |                   [01;35m[K^~[m[K
[1.793s] [01m[K/home/ubuntu/æ¡Œé¢/RM26_ROS2PKG/src/rm_auto_aim/detection/src/yolo_detection.cpp:[m[K In member function â€˜[01m[Kvoid detection::DetectionArmor::format_print_data_test()[m[Kâ€™:
[1.793s] [01m[K/home/ubuntu/æ¡Œé¢/RM26_ROS2PKG/src/rm_auto_aim/detection/src/yolo_detection.cpp:462:15:[m[K [01;35m[Kwarning: [m[Kvariable â€˜[01m[Kd[m[Kâ€™ set but not used [[01;35m[K]8;;https://gcc.gnu.org/onlinedocs/gcc/Warning-Options.html#index-Wunused-but-set-variable-Wunused-but-set-variable]8;;[m[K]
[1.793s]   462 |     for (auto [01;35m[Kd[m[K : getdata())
[1.793s]       |               [01;35m[K^[m[K
[6.970s] [ 54%] [32m[1mLinking CXX executable recive_pkg[0m
[7.621s] /usr/bin/ld: CMakeFiles/recive_pkg.dir/home/ubuntu/æ¡Œé¢/RM26_ROS2PKG/src/rm_auto_aim/detection/src/pnp.cpp.o: in function `PnPSolver::solvePnP(Armor const&, cv::Mat&, cv::Mat&)':
[7.622s] pnp.cpp:(.text+0x611): undefined reference to `cv::solvePnP(cv::_InputArray const&, cv::_InputArray const&, cv::_InputArray const&, cv::_InputArray const&, cv::_OutputArray const&, cv::_OutputArray const&, bool, int)'
[7.622s] /usr/bin/ld: CMakeFiles/recive_pkg.dir/home/ubuntu/æ¡Œé¢/RM26_ROS2PKG/src/rm_auto_aim/detection/src/pnp.cpp.o: in function `PnPSolver::rvecToEuler(cv::Mat const&, double&, double&, double&)':
[7.622s] pnp.cpp:(.text+0x899): undefined reference to `cv::Rodrigues(cv::_InputArray const&, cv::_OutputArray const&, cv::_OutputArray const&)'
[7.668s] collect2: error: ld returned 1 exit status
[7.672s] gmake[2]: *** [CMakeFiles/recive_pkg.dir/build.make:327ï¼šrecive_pkg] é”™è¯¯ 1
[7.672s] gmake[1]: *** [CMakeFiles/Makefile2:137ï¼šCMakeFiles/recive_pkg.dir/all] é”™è¯¯ 2
[7.674s] gmake: *** [Makefile:146ï¼šall] é”™è¯¯ 2
[7.676s] Invoked command in '/home/ubuntu/æ¡Œé¢/RM26_ROS2PKG/build/recive_pkg' returned '2': CMAKE_PREFIX_PATH=/opt/ros/humble /usr/bin/cmake --build /home/ubuntu/æ¡Œé¢/RM26_ROS2PKG/build/recive_pkg -- -j14 -l14
