[0.010s] Invoking command in '/home/ubuntu/æ¡Œé¢/RM26_ROS2PKG/build/detection': /usr/bin/cmake --build /home/ubuntu/æ¡Œé¢/RM26_ROS2PKG/build/detection -- -j14 -l14
[0.057s] [35m[1mConsolidate compiler generated dependencies of target detection[0m
[0.084s] [ 10%] [32mBuilding CXX object CMakeFiles/detection.dir/src/yolo_detection.cpp.o[0m
[1.390s] [01m[K/home/ubuntu/æ¡Œé¢/RM26_ROS2PKG/src/rm_auto_aim/detection/src/yolo_detection.cpp:[m[K In member function â€˜[01m[Kvoid detection::DetectionArmor::drawObject(cv::Mat&, std::vector<detection::ArmorData>&)[m[Kâ€™:
[1.390s] [01m[K/home/ubuntu/æ¡Œé¢/RM26_ROS2PKG/src/rm_auto_aim/detection/src/yolo_detection.cpp:351:47:[m[K [01;31m[Kerror: [m[Kâ€˜[01m[Kc[m[Kâ€™ was not declared in this scope
[1.390s]   351 |         float inter_area = calculateInterArea([01;31m[Kc[m[K, r);
[1.390s]       |                                               [01;31m[K^[m[K
[1.807s] gmake[2]: *** [CMakeFiles/detection.dir/build.make:188ï¼šCMakeFiles/detection.dir/src/yolo_detection.cpp.o] é”™è¯¯ 1
[1.807s] gmake[1]: *** [CMakeFiles/Makefile2:83ï¼šCMakeFiles/detection.dir/all] é”™è¯¯ 2
[1.808s] gmake: *** [Makefile:91ï¼šall] é”™è¯¯ 2
[1.811s] Invoked command in '/home/ubuntu/æ¡Œé¢/RM26_ROS2PKG/build/detection' returned '2': /usr/bin/cmake --build /home/ubuntu/æ¡Œé¢/RM26_ROS2PKG/build/detection -- -j14 -l14
