[0.012s] Invoking command in '/home/ubuntu/æ¡Œé¢/RM26/build/detection': /usr/bin/cmake --build /home/ubuntu/æ¡Œé¢/RM26/build/detection -- -j14 -l14
[0.063s] [ 11%] [32mBuilding CXX object CMakeFiles/detection.dir/src/yolo_detection.cpp.o[0m
[1.430s] [01m[K/home/ubuntu/æ¡Œé¢/RM26/src/rm_auto_aim/detection/src/yolo_detection.cpp:[m[K In member function â€˜[01m[Kvoid detection::DetectionArmor::drawObject(cv::Mat&, std::vector<detection::ArmorData>&)[m[Kâ€™:
[1.430s] [01m[K/home/ubuntu/æ¡Œé¢/RM26/src/rm_auto_aim/detection/src/yolo_detection.cpp:136:13:[m[K [01;31m[Kerror: [m[Kâ€˜[01m[Kd[m[Kâ€™ was not declared in this scope
[1.430s]   136 |             [01;31m[Kd[m[K.flag = 1;
[1.430s]       |             [01;31m[K^[m[K
[1.434s] [01m[K/home/ubuntu/æ¡Œé¢/RM26/src/rm_auto_aim/detection/src/yolo_detection.cpp:140:13:[m[K [01;31m[Kerror: [m[Kâ€˜[01m[Kd[m[Kâ€™ was not declared in this scope
[1.434s]   140 |             [01;31m[Kd[m[K.flag = 0;
[1.434s]       |             [01;31m[K^[m[K
[1.873s] gmake[2]: *** [CMakeFiles/detection.dir/build.make:174ï¼šCMakeFiles/detection.dir/src/yolo_detection.cpp.o] é”™è¯¯ 1
[1.873s] gmake[1]: *** [CMakeFiles/Makefile2:83ï¼šCMakeFiles/detection.dir/all] é”™è¯¯ 2
[1.873s] gmake: *** [Makefile:91ï¼šall] é”™è¯¯ 2
[1.875s] Invoked command in '/home/ubuntu/æ¡Œé¢/RM26/build/detection' returned '2': /usr/bin/cmake --build /home/ubuntu/æ¡Œé¢/RM26/build/detection -- -j14 -l14
