[0.028s] Invoking command in '/home/ubuntu/æ¡Œé¢/RM26_ROS2PKG/build/recive_pkg': CMAKE_PREFIX_PATH=/opt/ros/humble /usr/bin/cmake --build /home/ubuntu/æ¡Œé¢/RM26_ROS2PKG/build/recive_pkg -- -j14 -l14
[0.061s] [35m[1mConsolidate compiler generated dependencies of target recive_pkg[0m
[0.095s] [  9%] [32mBuilding CXX object CMakeFiles/recive_pkg.dir/home/ubuntu/æ¡Œé¢/RM26_ROS2PKG/src/rm_auto_aim/detection/src/yolo_detection.cpp.o[0m
[1.478s] [01m[K/home/ubuntu/æ¡Œé¢/RM26_ROS2PKG/src/rm_auto_aim/detection/src/yolo_detection.cpp:[m[K In function â€˜[01m[Kfloat calculateInterArea(const CircleF&, const RectF&)[m[Kâ€™:
[1.478s] [01m[K/home/ubuntu/æ¡Œé¢/RM26_ROS2PKG/src/rm_auto_aim/detection/src/yolo_detection.cpp:244:11:[m[K [01;35m[Kwarning: [m[Kunused variable â€˜[01m[KrectArea[m[Kâ€™ [[01;35m[K]8;;https://gcc.gnu.org/onlinedocs/gcc/Warning-Options.html#index-Wunused-variable-Wunused-variable]8;;[m[K]
[1.478s]   244 |     float [01;35m[KrectArea[m[K = (r.x2 - r.x1) * (r.y2 - r.y1);
[1.478s]       |           [01;35m[K^~~~~~~~[m[K
[1.478s] [01m[K/home/ubuntu/æ¡Œé¢/RM26_ROS2PKG/src/rm_auto_aim/detection/src/yolo_detection.cpp:247:11:[m[K [01;35m[Kwarning: [m[Kunused variable â€˜[01m[KcircleArea[m[Kâ€™ [[01;35m[K]8;;https://gcc.gnu.org/onlinedocs/gcc/Warning-Options.html#index-Wunused-variable-Wunused-variable]8;;[m[K]
[1.478s]   247 |     float [01;35m[KcircleArea[m[K = M_PI * c.r * c.r;
[1.478s]       |           [01;35m[K^~~~~~~~~~[m[K
[1.484s] [01m[K/home/ubuntu/æ¡Œé¢/RM26_ROS2PKG/src/rm_auto_aim/detection/src/yolo_detection.cpp:[m[K In member function â€˜[01m[Kvoid detection::DetectionArmor::drawObject(cv::Mat&, std::vector<detection::ArmorData>&)[m[Kâ€™:
[1.484s] [01m[K/home/ubuntu/æ¡Œé¢/RM26_ROS2PKG/src/rm_auto_aim/detection/src/yolo_detection.cpp:329:9:[m[K [01;31m[Kerror: [m[Kâ€˜[01m[Kleft_top[m[Kâ€™ was not declared in this scope
[1.484s]   329 |         [01;31m[Kleft_top[m[K = armor[0].left_light.top;
[1.484s]       |         [01;31m[K^~~~~~~~[m[K
[1.489s] [01m[K/home/ubuntu/æ¡Œé¢/RM26_ROS2PKG/src/rm_auto_aim/detection/src/yolo_detection.cpp:330:9:[m[K [01;31m[Kerror: [m[Kâ€˜[01m[Kright_bottom[m[Kâ€™ was not declared in this scope
[1.489s]   330 |         [01;31m[Kright_bottom[m[K = armor[0].right_light.bottom;
[1.489s]       |         [01;31m[K^~~~~~~~~~~~[m[K
[1.491s] [01m[K/home/ubuntu/æ¡Œé¢/RM26_ROS2PKG/src/rm_auto_aim/detection/src/yolo_detection.cpp:331:9:[m[K [01;31m[Kerror: [m[Kâ€˜[01m[Kleft_bottom[m[Kâ€™ was not declared in this scope
[1.492s]   331 |         [01;31m[Kleft_bottom[m[K = armor[0].left_light.bottom;
[1.492s]       |         [01;31m[K^~~~~~~~~~~[m[K
[1.495s] [01m[K/home/ubuntu/æ¡Œé¢/RM26_ROS2PKG/src/rm_auto_aim/detection/src/yolo_detection.cpp:332:9:[m[K [01;31m[Kerror: [m[Kâ€˜[01m[Kright_top[m[Kâ€™ was not declared in this scope
[1.495s]   332 |         [01;31m[Kright_top[m[K = armor[0].right_light.top;
[1.495s]       |         [01;31m[K^~~~~~~~~[m[K
[1.498s] [01m[K/home/ubuntu/æ¡Œé¢/RM26_ROS2PKG/src/rm_auto_aim/detection/src/yolo_detection.cpp:334:34:[m[K [01;31m[Kerror: [m[Kâ€˜[01m[Krev[m[Kâ€™ was not declared in this scope
[1.498s]   334 |         solver.solvePnP(armor[0],[01;31m[Krev[m[K,tvc);
[1.498s]       |                                  [01;31m[K^~~[m[K
[1.500s] [01m[K/home/ubuntu/æ¡Œé¢/RM26_ROS2PKG/src/rm_auto_aim/detection/src/yolo_detection.cpp:334:38:[m[K [01;31m[Kerror: [m[Kâ€˜[01m[Ktvc[m[Kâ€™ was not declared in this scope
[1.500s]   334 |         solver.solvePnP(armor[0],rev,[01;31m[Ktvc[m[K);
[1.500s]       |                                      [01;31m[K^~~[m[K
[1.501s] [01m[K/home/ubuntu/æ¡Œé¢/RM26_ROS2PKG/src/rm_auto_aim/detection/src/yolo_detection.cpp:[m[K In member function â€˜[01m[Kvoid detection::DetectionArmor::run()[m[Kâ€™:
[1.502s] [01m[K/home/ubuntu/æ¡Œé¢/RM26_ROS2PKG/src/rm_auto_aim/detection/src/yolo_detection.cpp:387:25:[m[K [01;35m[Kwarning: [m[Kcomparison of integer expressions of different signedness: â€˜[01m[Ksize_t[m[Kâ€™ {aka â€˜[01m[Klong unsigned int[m[Kâ€™} and â€˜[01m[Kint[m[Kâ€™ [[01;35m[K]8;;https://gcc.gnu.org/onlinedocs/gcc/Warning-Options.html#index-Wsign-compare-Wsign-compare]8;;[m[K]
[1.502s]   387 |         if ([01;35m[Kframe_count == int(cap.get(cv::CAP_PROP_FRAME_COUNT))[m[K)
[1.502s]       |             [01;35m[K~~~~~~~~~~~~^~~~~~~~~~~~~~~~~~~~~~~~~~~~~~~~~~~~~~~~~[m[K
[1.928s] gmake[2]: *** [CMakeFiles/recive_pkg.dir/build.make:104ï¼šCMakeFiles/recive_pkg.dir/home/ubuntu/æ¡Œé¢/RM26_ROS2PKG/src/rm_auto_aim/detection/src/yolo_detection.cpp.o] é”™è¯¯ 1
[1.929s] gmake[1]: *** [CMakeFiles/Makefile2:137ï¼šCMakeFiles/recive_pkg.dir/all] é”™è¯¯ 2
[1.929s] gmake: *** [Makefile:146ï¼šall] é”™è¯¯ 2
