[0.010s] Invoking command in '/home/ubuntu/æ¡Œé¢/RM26/build/detection': /usr/bin/cmake --build /home/ubuntu/æ¡Œé¢/RM26/build/detection -- -j14 -l14
[0.064s] [35m[1mConsolidate compiler generated dependencies of target detection[0m
[0.092s] [ 11%] [32m[1mLinking CXX executable detection[0m
[0.482s] /usr/bin/ld: CMakeFiles/detection.dir/src/yolo_detection.cpp.o: in function `detection::DetectionArmor::run()':
[0.482s] yolo_detection.cpp:(.text+0x2c1f): undefined reference to `detection::DetectionArmor::showImage()'
[0.523s] collect2: error: ld returned 1 exit status
[0.524s] gmake[2]: *** [CMakeFiles/detection.dir/build.make:264ï¼šdetection] é”™è¯¯ 1
[0.530s] gmake[1]: *** [CMakeFiles/Makefile2:83ï¼šCMakeFiles/detection.dir/all] é”™è¯¯ 2
[0.530s] gmake: *** [Makefile:91ï¼šall] é”™è¯¯ 2
[0.536s] Invoked command in '/home/ubuntu/æ¡Œé¢/RM26/build/detection' returned '2': /usr/bin/cmake --build /home/ubuntu/æ¡Œé¢/RM26/build/detection -- -j14 -l14
