[0.012s] Invoking command in '/home/ubuntu/æ¡Œé¢/RM26_ROS2PKG/build/recive_pkg': CMAKE_PREFIX_PATH=/opt/ros/humble /usr/bin/cmake --build /home/ubuntu/æ¡Œé¢/RM26_ROS2PKG/build/recive_pkg -- -j14 -l14
[0.053s] [35m[1mConsolidate compiler generated dependencies of target recive_pkg[0m
[0.086s] [  9%] [32mBuilding CXX object CMakeFiles/recive_pkg.dir/src/image_subscirber_node.cpp.o[0m
[0.086s] [ 18%] [32mBuilding CXX object CMakeFiles/recive_pkg.dir/main.cpp.o[0m
[2.676s] [01m[K/home/ubuntu/æ¡Œé¢/RM26_ROS2PKG/src/recive_pkg/src/image_subscirber_node.cpp:[m[K In constructor â€˜[01m[Karmor_detection::ImageSubscriber::ImageSubscriber(const string&)[m[Kâ€™:
[2.676s] [01m[K/home/ubuntu/æ¡Œé¢/RM26_ROS2PKG/src/recive_pkg/src/image_subscirber_node.cpp:26:14:[m[K [01;31m[Kerror: [m[Kâ€˜[01m[Kclass rclcpp::QoS[m[Kâ€™ has no member named â€˜[01m[Kvolatile_durability[m[Kâ€™
[2.676s]    26 |             .[01;31m[Kvolatile_durability[m[K(); // ä¸æŒä¹…åŒ–ï¼Œå®æ—¶æ€§æ›´å¥½
[2.676s]       |              [01;31m[K^~~~~~~~~~~~~~~~~~~[m[K
[2.684s] [01m[K/home/ubuntu/æ¡Œé¢/RM26_ROS2PKG/src/recive_pkg/src/image_subscirber_node.cpp:[m[K In member function â€˜[01m[Kvoid armor_detection::ImageSubscriber::imageCallback(sensor_msgs::msg::Image_<std::allocator<void> >::SharedPtr)[m[Kâ€™:
[2.684s] [01m[K/home/ubuntu/æ¡Œé¢/RM26_ROS2PKG/src/recive_pkg/src/image_subscirber_node.cpp:47:13:[m[K [01;31m[Kerror: [m[Kâ€˜[01m[Kcv_ptr[m[Kâ€™ was not declared in this scope; did you mean â€˜[01m[Ksi_ptr[m[Kâ€™?
[2.684s]    47 |             [01;31m[Kcv_ptr[m[K = cv_bridge::toCvCopy(msg, "bgr8");
[2.684s]       |             [01;31m[K^~~~~~[m[K
[2.684s]       |             [32m[Ksi_ptr[m[K
[4.036s] gmake[2]: *** [CMakeFiles/recive_pkg.dir/build.make:76ï¼šCMakeFiles/recive_pkg.dir/src/image_subscirber_node.cpp.o] é”™è¯¯ 1
[4.036s] gmake[1]: *** [CMakeFiles/Makefile2:137ï¼šCMakeFiles/recive_pkg.dir/all] é”™è¯¯ 2
[4.036s] gmake: *** [Makefile:146ï¼šall] é”™è¯¯ 2
[4.037s] Invoked command in '/home/ubuntu/æ¡Œé¢/RM26_ROS2PKG/build/recive_pkg' returned '2': CMAKE_PREFIX_PATH=/opt/ros/humble /usr/bin/cmake --build /home/ubuntu/æ¡Œé¢/RM26_ROS2PKG/build/recive_pkg -- -j14 -l14
